<?xml version="1.0" encoding="utf-8" standalone="no"?>
<test-results xmlns:xsi="http://www.w3.org/2001/XMLSchema-instance" xsi:noNamespaceSchemaLocation="nunit_schema_2.5.xsd" name="Pester" total="265" errors="0" failures="20" not-run="0" inconclusive="0" ignored="0" skipped="2" invalid="0" date="2026-09-25" time="07:49:41">
  <environment os-version="6.17.0-1022-azure" machine-name="runnervmlun5p" user-domain="" user="runner" nunit-version="2.5.8.0" platform="Linux" cwd="/home/runner/work/caldova-hr-frontier/caldova-hr-frontier" clr-version="10.0.11" />
  <culture-info current-culture="" current-uiculture="" />
  <test-suite type="TestFixture" name="Pester" executed="True" result="Failure" success="False" time="21.4778" asserts="0" description="Pester">
    <results>
      <test-suite type="TestFixture" name="/home/runner/work/caldova-hr-frontier/caldova-hr-frontier/.github/cli/tests/DocsAgentContract.Tests.ps1" executed="True" result="Success" success="True" time="0.4564" asserts="0" description="/home/runner/work/caldova-hr-frontier/caldova-hr-frontier/.github/cli/tests/DocsAgentContract.Tests.ps1">
        <results>
          <test-suite type="TestFixture" name="Documentation agent contract" executed="True" result="Success" success="True" time="0.1516" asserts="0" description="Documentation agent contract">
            <results>
              <test-case description="exists with the focused tool boundary and English metadata ownership" name="Documentation agent contract.exists with the focused tool boundary and English metadata ownership" time="0.1136" asserts="0" success="True" result="Success" executed="True" />
              <test-case description="is directly anchored from both repository instruction files" name="Documentation agent contract.is directly anchored from both repository instruction files" time="0.0084" asserts="0" success="True" result="Success" executed="True" />
            </results>
          </test-suite>
        </results>
      </test-suite>
      <test-suite type="TestFixture" name="/home/runner/work/caldova-hr-frontier/caldova-hr-frontier/.github/cli/tests/DocumentationLinks.Tests.ps1" executed="True" result="Failure" success="False" time="0.4747" asserts="0" description="/home/runner/work/caldova-hr-frontier/caldova-hr-frontier/.github/cli/tests/DocumentationLinks.Tests.ps1">
        <results>
          <test-suite type="TestFixture" name="Repository documentation links" executed="True" result="Failure" success="False" time="0.4559" asserts="0" description="Repository documentation links">
            <results>
              <test-case description="resolves every tracked local Markdown link within the repository" name="Repository documentation links.resolves every tracked local Markdown link within the repository" time="0.4521" asserts="0" success="False" result="Failure" executed="True">
                <failure>
                  <message>Expected $null or empty, but got @('.github/agent-policy/AGENT_WORKFLOW.md -&gt; ../../docs/specs/2026-09-17-architecture-baseline-intake-design.md', '.github/agent-policy/AGENT_WORKFLOW.md -&gt; ../../docs/reviews/2026-09-17-architecture-baseline-source-inventory.json', '.github/agent-policy/AGENT_WORKFLOW.md -&gt; ./NON_DELEGABLE_WORK.md', '.github/agent-policy/AGENT_WORKFLOW.md -&gt; ../../README.md', '.github/agent-policy/AGENT_WORKFLOW.md -&gt; ../../AGENTS.md', '.github/agent-policy/AGENT_WORKFLOW.md -&gt; ../../docs/README.md', '.github/agent-policy/AGENT_WORKFLOW.md -&gt; ./BREAK_GLASS.md', '.github/agent-policy/BREAK_GLASS.md -&gt; ../../docs/specs/2026-09-17-architecture-baseline-intake-design.md', '.github/agent-policy/BREAK_GLASS.md -&gt; ./AGENT_WORKFLOW.md', '.github/agent-policy/BREAK_GLASS.md -&gt; ./NON_DELEGABLE_WORK.md', ...551 more).</message>
                  <stack-trace>at $failures | Should -BeNullOrEmpty, /home/runner/work/caldova-hr-frontier/caldova-hr-frontier/.github/cli/tests/DocumentationLinks.Tests.ps1:130
at &lt;ScriptBlock&gt;, /home/runner/work/caldova-hr-frontier/caldova-hr-frontier/.github/cli/tests/DocumentationLinks.Tests.ps1:130</stack-trace>
                </failure>
              </test-case>
            </results>
          </test-suite>
        </results>
      </test-suite>
      <test-suite type="TestFixture" name="/home/runner/work/caldova-hr-frontier/caldova-hr-frontier/.github/cli/tests/DocumentationMetadata.Tests.ps1" executed="True" result="Failure" success="False" time="10.0826" asserts="0" description="/home/runner/work/caldova-hr-frontier/caldova-hr-frontier/.github/cli/tests/DocumentationMetadata.Tests.ps1">
        <results>
          <test-suite type="TestFixture" name="Test-DocumentationMetadataEligibility" executed="True" result="Success" success="True" time="0.1591" asserts="0" description="Test-DocumentationMetadataEligibility">
            <results>
              <test-suite type="ParameterizedTest" name="Test-DocumentationMetadataEligibility.returns &lt;Expected&gt; for &lt;Path&gt;" executed="True" result="Success" success="True" time="0.1517" asserts="0" description="returns &lt;Expected&gt; for &lt;Path&gt;">
                <results>
                  <test-case description="returns True for README.md" name="Test-DocumentationMetadataEligibility.returns True for README.md" time="0.0304" asserts="0" success="True" result="Success" executed="True" />
                  <test-case description="returns True for .github/agents/docs-agent.agent.md" name="Test-DocumentationMetadataEligibility.returns True for .github/agents/docs-agent.agent.md" time="0.0085" asserts="0" success="True" result="Success" executed="True" />
                  <test-case description="returns True for .github/skills/README.md" name="Test-DocumentationMetadataEligibility.returns True for .github/skills/README.md" time="0.013" asserts="0" success="True" result="Success" executed="True" />
                  <test-case description="returns True for .github\skills\README.md" name="Test-DocumentationMetadataEligibility.returns True for .github\skills\README.md" time="0.0073" asserts="0" success="True" result="Success" executed="True" />
                  <test-case description="returns True for ./README.md" name="Test-DocumentationMetadataEligibility.returns True for ./README.md" time="0.0077" asserts="0" success="True" result="Success" executed="True" />
                  <test-case description="returns False for .github/skills/brainstorming/SKILL.md" name="Test-DocumentationMetadataEligibility.returns False for .github/skills/brainstorming/SKILL.md" time="0.0079" asserts="0" success="True" result="Success" executed="True" />
                  <test-case description="returns False for .github/skills/LICENSE.superpowers" name="Test-DocumentationMetadataEligibility.returns False for .github/skills/LICENSE.superpowers" time="0.0076" asserts="0" success="True" result="Success" executed="True" />
                  <test-case description="returns False for LICENSE" name="Test-DocumentationMetadataEligibility.returns False for LICENSE" time="0.0081" asserts="0" success="True" result="Success" executed="True" />
                  <test-case description="returns False for infra/evidence/discovery/example.json" name="Test-DocumentationMetadataEligibility.returns False for infra/evidence/discovery/example.json" time="0.0076" asserts="0" success="True" result="Success" executed="True" />
                  <test-case description="returns False for docs/architecture.txt" name="Test-DocumentationMetadataEligibility.returns False for docs/architecture.txt" time="0.0078" asserts="0" success="True" result="Success" executed="True" />
                  <test-case description="returns True for .github/skills-not-vendored/example.md" name="Test-DocumentationMetadataEligibility.returns True for .github/skills-not-vendored/example.md" time="0.0136" asserts="0" success="True" result="Success" executed="True" />
                  <test-case description="returns False for ../README.md" name="Test-DocumentationMetadataEligibility.returns False for ../README.md" time="0.0079" asserts="0" success="True" result="Success" executed="True" />
                  <test-case description="returns False for docs/../README.md" name="Test-DocumentationMetadataEligibility.returns False for docs/../README.md" time="0.008" asserts="0" success="True" result="Success" executed="True" />
                  <test-case description="returns False for /README.md" name="Test-DocumentationMetadataEligibility.returns False for /README.md" time="0.0078" asserts="0" success="True" result="Success" executed="True" />
                  <test-case description="returns False for C:/repo/README.md" name="Test-DocumentationMetadataEligibility.returns False for C:/repo/README.md" time="0.0087" asserts="0" success="True" result="Success" executed="True" />
                </results>
              </test-suite>
            </results>
          </test-suite>
          <test-suite type="TestFixture" name="Test-DocumentationMetadataContent valid documents" executed="True" result="Success" success="True" time="0.9822" asserts="0" description="Test-DocumentationMetadataContent valid documents">
            <results>
              <test-case description="accepts an H1, blank line, exact metadata table, and body" name="Test-DocumentationMetadataContent valid documents.accepts an H1, blank line, exact metadata table, and body" time="0.1612" asserts="0" success="True" result="Success" executed="True" />
              <test-case description="accepts agent YAML frontmatter before the H1" name="Test-DocumentationMetadataContent valid documents.accepts agent YAML frontmatter before the H1" time="0.0309" asserts="0" success="True" result="Success" executed="True" />
              <test-case description="accepts an ATX H1 whose opening marker is followed by a tab" name="Test-DocumentationMetadataContent valid documents.accepts an ATX H1 whose opening marker is followed by a tab" time="0.0206" asserts="0" success="True" result="Success" executed="True" />
              <test-case description="accepts a multiline Setext H1 paragraph" name="Test-DocumentationMetadataContent valid documents.accepts a multiline Setext H1 paragraph" time="0.0169" asserts="0" success="True" result="Success" executed="True" />
              <test-case description="accepts literal None for References" name="Test-DocumentationMetadataContent valid documents.accepts literal None for References" time="0.015" asserts="0" success="True" result="Success" executed="True" />
              <test-case description="accepts one relative Markdown link for References" name="Test-DocumentationMetadataContent valid documents.accepts one relative Markdown link for References" time="0.0328" asserts="0" success="True" result="Success" executed="True" />
              <test-case description="accepts a percent-encoded space in a relative reference destination" name="Test-DocumentationMetadataContent valid documents.accepts a percent-encoded space in a relative reference destination" time="0.0246" asserts="0" success="True" result="Success" executed="True" />
              <test-case description="accepts multiple comma-separated and semicolon-separated relative links" name="Test-DocumentationMetadataContent valid documents.accepts multiple comma-separated and semicolon-separated relative links" time="0.0255" asserts="0" success="True" result="Success" executed="True" />
              <test-case description="accepts an allowed status prefix with a parenthesized qualifier" name="Test-DocumentationMetadataContent valid documents.accepts an allowed status prefix with a parenthesized qualifier" time="0.0311" asserts="0" success="True" result="Success" executed="True" />
              <test-case description="accepts a nonempty explicitly named custom solution domain" name="Test-DocumentationMetadataContent valid documents.accepts a nonempty explicitly named custom solution domain" time="0.0154" asserts="0" success="True" result="Success" executed="True" />
              <test-case description="ignores H1 examples inside fenced code blocks" name="Test-DocumentationMetadataContent valid documents.ignores H1 examples inside fenced code blocks" time="0.0215" asserts="0" success="True" result="Success" executed="True" />
              <test-suite type="ParameterizedTest" name="Test-DocumentationMetadataContent valid documents.accepts an ATX H1 with &lt;IndentCount&gt; leading spaces" executed="True" result="Success" success="True" time="0.1082" asserts="0" description="accepts an ATX H1 with &lt;IndentCount&gt; leading spaces">
                <results>
                  <test-case description="accepts an ATX H1 with 0 leading spaces" name="Test-DocumentationMetadataContent valid documents.accepts an ATX H1 with 0 leading spaces" time="0.0296" asserts="0" success="True" result="Success" executed="True" />
                  <test-case description="accepts an ATX H1 with 1 leading spaces" name="Test-DocumentationMetadataContent valid documents.accepts an ATX H1 with 1 leading spaces" time="0.0216" asserts="0" success="True" result="Success" executed="True" />
                  <test-case description="accepts an ATX H1 with 2 leading spaces" name="Test-DocumentationMetadataContent valid documents.accepts an ATX H1 with 2 leading spaces" time="0.021" asserts="0" success="True" result="Success" executed="True" />
                  <test-case description="accepts an ATX H1 with 3 leading spaces" name="Test-DocumentationMetadataContent valid documents.accepts an ATX H1 with 3 leading spaces" time="0.0359" asserts="0" success="True" result="Success" executed="True" />
                </results>
              </test-suite>
              <test-suite type="ParameterizedTest" name="Test-DocumentationMetadataContent valid documents.accepts a Setext H1 with underline &lt;Underline&gt;" executed="True" result="Success" success="True" time="0.0873" asserts="0" description="accepts a Setext H1 with underline &lt;Underline&gt;">
                <results>
                  <test-case description="accepts a Setext H1 with underline ===" name="Test-DocumentationMetadataContent valid documents.accepts a Setext H1 with underline ===" time="0.0293" asserts="0" success="True" result="Success" executed="True" />
                  <test-case description="accepts a Setext H1 with underline  ====" name="Test-DocumentationMetadataContent valid documents.accepts a Setext H1 with underline  ====" time="0.0234" asserts="0" success="True" result="Success" executed="True" />
                  <test-case description="accepts a Setext H1 with underline   ===" name="Test-DocumentationMetadataContent valid documents.accepts a Setext H1 with underline   ===" time="0.0187" asserts="0" success="True" result="Success" executed="True" />
                  <test-case description="accepts a Setext H1 with underline    ====" name="Test-DocumentationMetadataContent valid documents.accepts a Setext H1 with underline    ====" time="0.0159" asserts="0" success="True" result="Success" executed="True" />
                </results>
              </test-suite>
              <test-suite type="ParameterizedTest" name="Test-DocumentationMetadataContent valid documents.accepts base status &lt;Status&gt;" executed="True" result="Success" success="True" time="0.1416" asserts="0" description="accepts base status &lt;Status&gt;">
                <results>
                  <test-case description="accepts base status Draft" name="Test-DocumentationMetadataContent valid documents.accepts base status Draft" time="0.0232" asserts="0" success="True" result="Success" executed="True" />
                  <test-case description="accepts base status Proposed Baseline" name="Test-DocumentationMetadataContent valid documents.accepts base status Proposed Baseline" time="0.0337" asserts="0" success="True" result="Success" executed="True" />
                  <test-case description="accepts base status Active" name="Test-DocumentationMetadataContent valid documents.accepts base status Active" time="0.025" asserts="0" success="True" result="Success" executed="True" />
                  <test-case description="accepts base status Approved" name="Test-DocumentationMetadataContent valid documents.accepts base status Approved" time="0.0159" asserts="0" success="True" result="Success" executed="True" />
                  <test-case description="accepts base status Superseded" name="Test-DocumentationMetadataContent valid documents.accepts base status Superseded" time="0.0281" asserts="0" success="True" result="Success" executed="True" />
                  <test-case description="accepts base status Archived" name="Test-DocumentationMetadataContent valid documents.accepts base status Archived" time="0.0158" asserts="0" success="True" result="Success" executed="True" />
                </results>
              </test-suite>
              <test-suite type="ParameterizedTest" name="Test-DocumentationMetadataContent valid documents.accepts base scope &lt;Scope&gt;" executed="True" result="Success" success="True" time="0.0818" asserts="0" description="accepts base scope &lt;Scope&gt;">
                <results>
                  <test-case description="accepts base scope Repository" name="Test-DocumentationMetadataContent valid documents.accepts base scope Repository" time="0.018" asserts="0" success="True" result="Success" executed="True" />
                  <test-case description="accepts base scope Cross-cutting (all solution domains)" name="Test-DocumentationMetadataContent valid documents.accepts base scope Cross-cutting (all solution domains)" time="0.0156" asserts="0" success="True" result="Success" executed="True" />
                  <test-case description="accepts base scope Infrastructure" name="Test-DocumentationMetadataContent valid documents.accepts base scope Infrastructure" time="0.0178" asserts="0" success="True" result="Success" executed="True" />
                  <test-case description="accepts base scope HR" name="Test-DocumentationMetadataContent valid documents.accepts base scope HR" time="0.0153" asserts="0" success="True" result="Success" executed="True" />
                  <test-case description="accepts base scope Data" name="Test-DocumentationMetadataContent valid documents.accepts base scope Data" time="0.0151" asserts="0" success="True" result="Success" executed="True" />
                </results>
              </test-suite>
            </results>
          </test-suite>
          <test-suite type="TestFixture" name="Test-DocumentationMetadataContent metadata boundary detection" executed="True" result="Success" success="True" time="1.3415" asserts="0" description="Test-DocumentationMetadataContent metadata boundary detection">
            <results>
              <test-case description="treats later body tables with metadata-looking rows as ordinary body content" name="Test-DocumentationMetadataContent metadata boundary detection.treats later body tables with metadata-looking rows as ordinary body content" time="0.1215" asserts="0" success="True" result="Success" executed="True" />
              <test-case description="ignores a complete metadata-looking table inside a fenced code block" name="Test-DocumentationMetadataContent metadata boundary detection.ignores a complete metadata-looking table inside a fenced code block" time="0.0421" asserts="0" success="True" result="Success" executed="True" />
              <test-case description="treats a later body table in a Setext document as ordinary body content" name="Test-DocumentationMetadataContent metadata boundary detection.treats a later body table in a Setext document as ordinary body content" time="0.0424" asserts="0" success="True" result="Success" executed="True" />
              <test-case description="rejects a partial metadata table immediately after H1 and refuses migration" name="Test-DocumentationMetadataContent metadata boundary detection.rejects a partial metadata table immediately after H1 and refuses migration" time="0.0559" asserts="0" success="True" result="Success" executed="True" />
              <test-case description="rejects a bad-separator metadata table immediately after H1" name="Test-DocumentationMetadataContent metadata boundary detection.rejects a bad-separator metadata table immediately after H1" time="0.035" asserts="0" success="True" result="Success" executed="True" />
              <test-case description="treats a non-metadata body table immediately after H1 as ordinary body content" name="Test-DocumentationMetadataContent metadata boundary detection.treats a non-metadata body table immediately after H1 as ordinary body content" time="0.0468" asserts="0" success="True" result="Success" executed="True" />
            </results>
          </test-suite>
          <test-suite type="TestFixture" name="Test-DocumentationMetadataContent invalid documents" executed="True" result="Success" success="True" time="2.2424" asserts="0" description="Test-DocumentationMetadataContent invalid documents">
            <results>
              <test-case description="rejects a document with no H1" name="Test-DocumentationMetadataContent invalid documents.rejects a document with no H1" time="0.0154" asserts="0" success="True" result="Success" executed="True" />
              <test-case description="rejects a four-space indented ATX heading" name="Test-DocumentationMetadataContent invalid documents.rejects a four-space indented ATX heading" time="0.0133" asserts="0" success="True" result="Success" executed="True" />
              <test-case description="rejects unclosed YAML frontmatter" name="Test-DocumentationMetadataContent invalid documents.rejects unclosed YAML frontmatter" time="0.0051" asserts="0" success="True" result="Success" executed="True" />
              <test-case description="rejects body content before the metadata table" name="Test-DocumentationMetadataContent invalid documents.rejects body content before the metadata table" time="0.0145" asserts="0" success="True" result="Success" executed="True" />
              <test-case description="rejects a nonexact metadata header" name="Test-DocumentationMetadataContent invalid documents.rejects a nonexact metadata header" time="0.0135" asserts="0" success="True" result="Success" executed="True" />
              <test-case description="rejects a nonexact metadata separator" name="Test-DocumentationMetadataContent invalid documents.rejects a nonexact metadata separator" time="0.0173" asserts="0" success="True" result="Success" executed="True" />
              <test-case description="rejects a missing metadata field" name="Test-DocumentationMetadataContent invalid documents.rejects a missing metadata field" time="0.0132" asserts="0" success="True" result="Success" executed="True" />
              <test-case description="rejects a duplicate metadata field" name="Test-DocumentationMetadataContent invalid documents.rejects a duplicate metadata field" time="0.0144" asserts="0" success="True" result="Success" executed="True" />
              <test-case description="rejects metadata fields out of order" name="Test-DocumentationMetadataContent invalid documents.rejects metadata fields out of order" time="0.0144" asserts="0" success="True" result="Success" executed="True" />
              <test-case description="rejects an empty metadata field" name="Test-DocumentationMetadataContent invalid documents.rejects an empty metadata field" time="0.0147" asserts="0" success="True" result="Success" executed="True" />
              <test-case description="rejects an unbolded metadata field label" name="Test-DocumentationMetadataContent invalid documents.rejects an unbolded metadata field label" time="0.0216" asserts="0" success="True" result="Success" executed="True" />
              <test-case description="rejects an empty author" name="Test-DocumentationMetadataContent invalid documents.rejects an empty author" time="0.0162" asserts="0" success="True" result="Success" executed="True" />
              <test-case description="rejects an extra metadata row before the body" name="Test-DocumentationMetadataContent invalid documents.rejects an extra metadata row before the body" time="0.0246" asserts="0" success="True" result="Success" executed="True" />
              <test-case description="rejects a nonblank line immediately after References" name="Test-DocumentationMetadataContent invalid documents.rejects a nonblank line immediately after References" time="0.0154" asserts="0" success="True" result="Success" executed="True" />
              <test-case description="rejects more than one rendered H1" name="Test-DocumentationMetadataContent invalid documents.rejects more than one rendered H1" time="0.0154" asserts="0" success="True" result="Success" executed="True" />
              <test-case description="rejects mixed ATX and Setext H1 styles" name="Test-DocumentationMetadataContent invalid documents.rejects mixed ATX and Setext H1 styles" time="0.016" asserts="0" success="True" result="Success" executed="True" />
              <test-suite type="ParameterizedTest" name="Test-DocumentationMetadataContent invalid documents.counts empty ATX H1 blocks when enforcing the one-H1 invariant" executed="True" result="Success" success="True" time="0.0286" asserts="0" description="counts empty ATX H1 blocks when enforcing the one-H1 invariant">
                <results>
                  <test-case description="counts empty ATX H1 blocks when enforcing the one-H1 invariant" name="Test-DocumentationMetadataContent invalid documents.counts empty ATX H1 blocks when enforcing the one-H1 invariant(&quot;#&quot;)" time="0.0151" asserts="0" success="True" result="Success" executed="True" />
                  <test-case description="counts empty ATX H1 blocks when enforcing the one-H1 invariant" name="Test-DocumentationMetadataContent invalid documents.counts empty ATX H1 blocks when enforcing the one-H1 invariant(&quot;# &quot;)" time="0.0135" asserts="0" success="True" result="Success" executed="True" />
                </results>
              </test-suite>
              <test-suite type="ParameterizedTest" name="Test-DocumentationMetadataContent invalid documents.rejects a sole empty ATX H1 as lacking a usable title" executed="True" result="Success" success="True" time="0.0292" asserts="0" description="rejects a sole empty ATX H1 as lacking a usable title">
                <results>
                  <test-case description="rejects a sole empty ATX H1 as lacking a usable title" name="Test-DocumentationMetadataContent invalid documents.rejects a sole empty ATX H1 as lacking a usable title(&quot;#&quot;)" time="0.0136" asserts="0" success="True" result="Success" executed="True" />
                  <test-case description="rejects a sole empty ATX H1 as lacking a usable title" name="Test-DocumentationMetadataContent invalid documents.rejects a sole empty ATX H1 as lacking a usable title(&quot;# &quot;)" time="0.0156" asserts="0" success="True" result="Success" executed="True" />
                </results>
              </test-suite>
              <test-suite type="ParameterizedTest" name="Test-DocumentationMetadataContent invalid documents.rejects invalid version &lt;Version&gt;" executed="True" result="Success" success="True" time="0.0631" asserts="0" description="rejects invalid version &lt;Version&gt;">
                <results>
                  <test-case description="rejects invalid version 1" name="Test-DocumentationMetadataContent invalid documents.rejects invalid version 1" time="0.0161" asserts="0" success="True" result="Success" executed="True" />
                  <test-case description="rejects invalid version 1.0.0" name="Test-DocumentationMetadataContent invalid documents.rejects invalid version 1.0.0" time="0.0155" asserts="0" success="True" result="Success" executed="True" />
                  <test-case description="rejects invalid version -1.0" name="Test-DocumentationMetadataContent invalid documents.rejects invalid version -1.0" time="0.0158" asserts="0" success="True" result="Success" executed="True" />
                  <test-case description="rejects invalid version 01.0" name="Test-DocumentationMetadataContent invalid documents.rejects invalid version 01.0" time="0.0157" asserts="0" success="True" result="Success" executed="True" />
                </results>
              </test-suite>
              <test-suite type="ParameterizedTest" name="Test-DocumentationMetadataContent invalid documents.rejects invalid date &lt;Date&gt;" executed="True" result="Success" success="True" time="0.0513" asserts="0" description="rejects invalid date &lt;Date&gt;">
                <results>
                  <test-case description="rejects invalid date 2026-02-30" name="Test-DocumentationMetadataContent invalid documents.rejects invalid date 2026-02-30" time="0.02" asserts="0" success="True" result="Success" executed="True" />
                  <test-case description="rejects invalid date 2026-9-18" name="Test-DocumentationMetadataContent invalid documents.rejects invalid date 2026-9-18" time="0.0155" asserts="0" success="True" result="Success" executed="True" />
                  <test-case description="rejects invalid date 18-09-2026" name="Test-DocumentationMetadataContent invalid documents.rejects invalid date 18-09-2026" time="0.0158" asserts="0" success="True" result="Success" executed="True" />
                </results>
              </test-suite>
              <test-suite type="ParameterizedTest" name="Test-DocumentationMetadataContent invalid documents.rejects invalid status &lt;Status&gt;" executed="True" result="Success" success="True" time="0.1481" asserts="0" description="rejects invalid status &lt;Status&gt;">
                <results>
                  <test-case description="rejects invalid status In Review" name="Test-DocumentationMetadataContent invalid documents.rejects invalid status In Review" time="0.0168" asserts="0" success="True" result="Success" executed="True" />
                  <test-case description="rejects invalid status Active now" name="Test-DocumentationMetadataContent invalid documents.rejects invalid status Active now" time="0.0157" asserts="0" success="True" result="Success" executed="True" />
                  <test-case description="rejects invalid status Approved (" name="Test-DocumentationMetadataContent invalid documents.rejects invalid status Approved (" time="0.019" asserts="0" success="True" result="Success" executed="True" />
                  <test-case description="rejects invalid status Active ()" name="Test-DocumentationMetadataContent invalid documents.rejects invalid status Active ()" time="0.0164" asserts="0" success="True" result="Success" executed="True" />
                  <test-case description="rejects invalid status Active ( )" name="Test-DocumentationMetadataContent invalid documents.rejects invalid status Active ( )" time="0.0159" asserts="0" success="True" result="Success" executed="True" />
                  <test-case description="rejects invalid status Active (reviewed) trailing)" name="Test-DocumentationMetadataContent invalid documents.rejects invalid status Active (reviewed) trailing)" time="0.0157" asserts="0" success="True" result="Success" executed="True" />
                  <test-case description="rejects invalid status Active (reviewed (nested))" name="Test-DocumentationMetadataContent invalid documents.rejects invalid status Active (reviewed (nested))" time="0.0154" asserts="0" success="True" result="Success" executed="True" />
                  <test-case description="rejects invalid status Active (reviewed))" name="Test-DocumentationMetadataContent invalid documents.rejects invalid status Active (reviewed))" time="0.0179" asserts="0" success="True" result="Success" executed="True" />
                  <test-case description="rejects invalid status Active ((reviewed)" name="Test-DocumentationMetadataContent invalid documents.rejects invalid status Active ((reviewed)" time="0.0154" asserts="0" success="True" result="Success" executed="True" />
                </results>
              </test-suite>
              <test-suite type="ParameterizedTest" name="Test-DocumentationMetadataContent invalid documents.rejects unsafe scope &lt;Case&gt;" executed="True" result="Success" success="True" time="0.0659" asserts="0" description="rejects unsafe scope &lt;Case&gt;">
                <results>
                  <test-case description="rejects unsafe scope leading-space" name="Test-DocumentationMetadataContent invalid documents.rejects unsafe scope leading-space" time="0.0163" asserts="0" success="True" result="Success" executed="True" />
                  <test-case description="rejects unsafe scope trailing-space" name="Test-DocumentationMetadataContent invalid documents.rejects unsafe scope trailing-space" time="0.0179" asserts="0" success="True" result="Success" executed="True" />
                  <test-case description="rejects unsafe scope pipe-character" name="Test-DocumentationMetadataContent invalid documents.rejects unsafe scope pipe-character" time="0.0154" asserts="0" success="True" result="Success" executed="True" />
                  <test-case description="rejects unsafe scope control-char-1" name="Test-DocumentationMetadataContent invalid documents.rejects unsafe scope control-char-1" time="0.0164" asserts="0" success="True" result="Success" executed="True" />
                </results>
              </test-suite>
              <test-suite type="ParameterizedTest" name="Test-DocumentationMetadataContent invalid documents.rejects invalid References &lt;Case&gt;" executed="True" result="Success" success="True" time="0.2598" asserts="0" description="rejects invalid References &lt;Case&gt;">
                <results>
                  <test-case description="rejects invalid References empty-string" name="Test-DocumentationMetadataContent invalid documents.rejects invalid References empty-string" time="0.0196" asserts="0" success="True" result="Success" executed="True" />
                  <test-case description="rejects invalid References plain-text" name="Test-DocumentationMetadataContent invalid documents.rejects invalid References plain-text" time="0.0156" asserts="0" success="True" result="Success" executed="True" />
                  <test-case description="rejects invalid References https-link" name="Test-DocumentationMetadataContent invalid documents.rejects invalid References https-link" time="0.0201" asserts="0" success="True" result="Success" executed="True" />
                  <test-case description="rejects invalid References mailto-link" name="Test-DocumentationMetadataContent invalid documents.rejects invalid References mailto-link" time="0.0154" asserts="0" success="True" result="Success" executed="True" />
                  <test-case description="rejects invalid References unclosed-link" name="Test-DocumentationMetadataContent invalid documents.rejects invalid References unclosed-link" time="0.0151" asserts="0" success="True" result="Success" executed="True" />
                  <test-case description="rejects invalid References empty-label" name="Test-DocumentationMetadataContent invalid documents.rejects invalid References empty-label" time="0.0151" asserts="0" success="True" result="Success" executed="True" />
                  <test-case description="rejects invalid References rooted-path" name="Test-DocumentationMetadataContent invalid documents.rejects invalid References rooted-path" time="0.0153" asserts="0" success="True" result="Success" executed="True" />
                  <test-case description="rejects invalid References raw-space" name="Test-DocumentationMetadataContent invalid documents.rejects invalid References raw-space" time="0.0183" asserts="0" success="True" result="Success" executed="True" />
                  <test-case description="rejects invalid References tab-character" name="Test-DocumentationMetadataContent invalid documents.rejects invalid References tab-character" time="0.0153" asserts="0" success="True" result="Success" executed="True" />
                  <test-case description="rejects invalid References control-char-1" name="Test-DocumentationMetadataContent invalid documents.rejects invalid References control-char-1" time="0.0151" asserts="0" success="True" result="Success" executed="True" />
                  <test-case description="rejects invalid References backslash-path" name="Test-DocumentationMetadataContent invalid documents.rejects invalid References backslash-path" time="0.0152" asserts="0" success="True" result="Success" executed="True" />
                  <test-case description="rejects invalid References drive-letter" name="Test-DocumentationMetadataContent invalid documents.rejects invalid References drive-letter" time="0.0153" asserts="0" success="True" result="Success" executed="True" />
                  <test-case description="rejects invalid References parent-reference" name="Test-DocumentationMetadataContent invalid documents.rejects invalid References parent-reference" time="0.0181" asserts="0" success="True" result="Success" executed="True" />
                  <test-case description="rejects invalid References encoded-parent" name="Test-DocumentationMetadataContent invalid documents.rejects invalid References encoded-parent" time="0.0155" asserts="0" success="True" result="Success" executed="True" />
                  <test-case description="rejects invalid References pipe-in-label" name="Test-DocumentationMetadataContent invalid documents.rejects invalid References pipe-in-label" time="0.0154" asserts="0" success="True" result="Success" executed="True" />
                  <test-case description="rejects invalid References broken-label-bracket" name="Test-DocumentationMetadataContent invalid documents.rejects invalid References broken-label-bracket" time="0.0151" asserts="0" success="True" result="Success" executed="True" />
                </results>
              </test-suite>
            </results>
          </test-suite>
          <test-suite type="TestFixture" name="Source-aware documentation references" executed="True" result="Success" success="True" time="2.4688" asserts="0" description="Source-aware documentation references">
            <results>
              <test-case description="accepts a bounded parent reference with document context" name="Source-aware documentation references.accepts a bounded parent reference with document context" time="0.0172" asserts="0" success="True" result="Success" executed="True" />
              <test-case description="rejects a percent-encoded parent reference that escapes the repository root" name="Source-aware documentation references.rejects a percent-encoded parent reference that escapes the repository root" time="0.017" asserts="0" success="True" result="Success" executed="True" />
              <test-case description="rejects parent traversal without document context" name="Source-aware documentation references.rejects parent traversal without document context" time="0.019" asserts="0" success="True" result="Success" executed="True" />
              <test-case description="lets the setter migrate a bounded parent reference using the document path" name="Source-aware documentation references.lets the setter migrate a bounded parent reference using the document path" time="0.0325" asserts="0" success="True" result="Success" executed="True" />
              <test-suite type="ParameterizedTest" name="Source-aware documentation references.rejects plain parent reference &lt;References&gt; from &lt;DocumentRelativePath&gt; when it escapes the repository root" executed="True" result="Success" success="True" time="0.0507" asserts="0" description="rejects plain parent reference &lt;References&gt; from &lt;DocumentRelativePath&gt; when it escapes the repository root">
                <results>
                  <test-case description="rejects plain parent reference [Escape](../secrets.md) from README.md when it escapes the repository root" name="Source-aware documentation references.rejects plain parent reference [Escape](../secrets.md) from README.md when it escapes the repository root" time="0.0199" asserts="0" success="True" result="Success" executed="True" />
                  <test-case description="rejects plain parent reference [Escape](../../secrets.md) from README.md when it escapes the repository root" name="Source-aware documentation references.rejects plain parent reference [Escape](../../secrets.md) from README.md when it escapes the repository root" time="0.0154" asserts="0" success="True" result="Success" executed="True" />
                  <test-case description="rejects plain parent reference [Escape](../../../secrets.md) from docs/plans/plan.md when it escapes the repository root" name="Source-aware documentation references.rejects plain parent reference [Escape](../../../secrets.md) from docs/plans/plan.md when it escapes the repository root" time="0.0155" asserts="0" success="True" result="Success" executed="True" />
                </results>
              </test-suite>
              <test-suite type="ParameterizedTest" name="Source-aware documentation references.rejects non-normalized document context &lt;DocumentRelativePath&gt;" executed="True" result="Success" success="True" time="0.0807" asserts="0" description="rejects non-normalized document context &lt;DocumentRelativePath&gt;">
                <results>
                  <test-case description="rejects non-normalized document context /docs/plans/plan.md" name="Source-aware documentation references.rejects non-normalized document context /docs/plans/plan.md" time="0.0167" asserts="0" success="True" result="Success" executed="True" />
                  <test-case description="rejects non-normalized document context C:/repo/docs/plans/plan.md" name="Source-aware documentation references.rejects non-normalized document context C:/repo/docs/plans/plan.md" time="0.0186" asserts="0" success="True" result="Success" executed="True" />
                  <test-case description="rejects non-normalized document context docs\plans\plan.md" name="Source-aware documentation references.rejects non-normalized document context docs\plans\plan.md" time="0.015" asserts="0" success="True" result="Success" executed="True" />
                  <test-case description="rejects non-normalized document context docs/./plans/plan.md" name="Source-aware documentation references.rejects non-normalized document context docs/./plans/plan.md" time="0.0153" asserts="0" success="True" result="Success" executed="True" />
                  <test-case description="rejects non-normalized document context docs/../plans/plan.md" name="Source-aware documentation references.rejects non-normalized document context docs/../plans/plan.md" time="0.015" asserts="0" success="True" result="Success" executed="True" />
                </results>
              </test-suite>
            </results>
          </test-suite>
          <test-suite type="TestFixture" name="Get-DocumentationH1InsertionIndex CommonMark parsing" executed="True" result="Success" success="True" time="2.6869" asserts="0" description="Get-DocumentationH1InsertionIndex CommonMark parsing">
            <results>
              <test-case description="uses the underline after a multiline paragraph as the insertion boundary" name="Get-DocumentationH1InsertionIndex CommonMark parsing.uses the underline after a multiline paragraph as the insertion boundary" time="0.008" asserts="0" success="True" result="Success" executed="True" />
              <test-case description="does not reinterpret an ATX heading as Setext paragraph content" name="Get-DocumentationH1InsertionIndex CommonMark parsing.does not reinterpret an ATX heading as Setext paragraph content" time="0.0187" asserts="0" success="True" result="Success" executed="True" />
              <test-suite type="ParameterizedTest" name="Get-DocumentationH1InsertionIndex CommonMark parsing.does not form a Setext H1 from &lt;Case&gt;" executed="True" result="Success" success="True" time="0.0433" asserts="0" description="does not form a Setext H1 from &lt;Case&gt;">
                <results>
                  <test-case description="does not form a Setext H1 from four-space-indented title code" name="Get-DocumentationH1InsertionIndex CommonMark parsing.does not form a Setext H1 from four-space-indented title code" time="0.0085" asserts="0" success="True" result="Success" executed="True" />
                  <test-case description="does not form a Setext H1 from four-space-indented underline" name="Get-DocumentationH1InsertionIndex CommonMark parsing.does not form a Setext H1 from four-space-indented underline" time="0.0077" asserts="0" success="True" result="Success" executed="True" />
                  <test-case description="does not form a Setext H1 from paragraph separated by a blank" name="Get-DocumentationH1InsertionIndex CommonMark parsing.does not form a Setext H1 from paragraph separated by a blank" time="0.0082" asserts="0" success="True" result="Success" executed="True" />
                  <test-case description="does not form a Setext H1 from a fenced block closing line" name="Get-DocumentationH1InsertionIndex CommonMark parsing.does not form a Setext H1 from a fenced block closing line" time="0.0093" asserts="0" success="True" result="Success" executed="True" />
                  <test-case description="does not form a Setext H1 from a level-two Setext underline" name="Get-DocumentationH1InsertionIndex CommonMark parsing.does not form a Setext H1 from a level-two Setext underline" time="0.0097" asserts="0" success="True" result="Success" executed="True" />
                </results>
              </test-suite>
              <test-suite type="ParameterizedTest" name="Get-DocumentationH1InsertionIndex CommonMark parsing.does not recognize malformed or non-H1 ATX opening sequences in &lt;Case&gt;" executed="True" result="Success" success="True" time="0.0246" asserts="0" description="does not recognize malformed or non-H1 ATX opening sequences in &lt;Case&gt;">
                <results>
                  <test-case description="does not recognize malformed or non-H1 ATX opening sequences in missing marker whitespace" name="Get-DocumentationH1InsertionIndex CommonMark parsing.does not recognize malformed or non-H1 ATX opening sequences in missing marker whitespace" time="0.0096" asserts="0" success="True" result="Success" executed="True" />
                  <test-case description="does not recognize malformed or non-H1 ATX opening sequences in level-two heading" name="Get-DocumentationH1InsertionIndex CommonMark parsing.does not recognize malformed or non-H1 ATX opening sequences in level-two heading" time="0.0071" asserts="0" success="True" result="Success" executed="True" />
                  <test-case description="does not recognize malformed or non-H1 ATX opening sequences in tab-indented code" name="Get-DocumentationH1InsertionIndex CommonMark parsing.does not recognize malformed or non-H1 ATX opening sequences in tab-indented code" time="0.0079" asserts="0" success="True" result="Success" executed="True" />
                </results>
              </test-suite>
              <test-suite type="ParameterizedTest" name="Get-DocumentationH1InsertionIndex CommonMark parsing.does not let a leading tab open a &lt;FenceName&gt;" executed="True" result="Success" success="True" time="0.0135" asserts="0" description="does not let a leading tab open a &lt;FenceName&gt;">
                <results>
                  <test-case description="does not let a leading tab open a backtick fence" name="Get-DocumentationH1InsertionIndex CommonMark parsing.does not let a leading tab open a backtick fence" time="0.0071" asserts="0" success="True" result="Success" executed="True" />
                  <test-case description="does not let a leading tab open a tilde fence" name="Get-DocumentationH1InsertionIndex CommonMark parsing.does not let a leading tab open a tilde fence" time="0.0064" asserts="0" success="True" result="Success" executed="True" />
                </results>
              </test-suite>
              <test-suite type="ParameterizedTest" name="Get-DocumentationH1InsertionIndex CommonMark parsing.opens a &lt;FenceName&gt; with &lt;IndentCount&gt; leading spaces and ignores its H1" executed="True" result="Success" success="True" time="0.0584" asserts="0" description="opens a &lt;FenceName&gt; with &lt;IndentCount&gt; leading spaces and ignores its H1">
                <results>
                  <test-case description="opens a backtick fence with 0 leading spaces and ignores its H1" name="Get-DocumentationH1InsertionIndex CommonMark parsing.opens a backtick fence with 0 leading spaces and ignores its H1" time="0.0115" asserts="0" success="True" result="Success" executed="True" />
                  <test-case description="opens a backtick fence with 1 leading spaces and ignores its H1" name="Get-DocumentationH1InsertionIndex CommonMark parsing.opens a backtick fence with 1 leading spaces and ignores its H1" time="0.0067" asserts="0" success="True" result="Success" executed="True" />
                  <test-case description="opens a backtick fence with 2 leading spaces and ignores its H1" name="Get-DocumentationH1InsertionIndex CommonMark parsing.opens a backtick fence with 2 leading spaces and ignores its H1" time="0.0066" asserts="0" success="True" result="Success" executed="True" />
                  <test-case description="opens a backtick fence with 3 leading spaces and ignores its H1" name="Get-DocumentationH1InsertionIndex CommonMark parsing.opens a backtick fence with 3 leading spaces and ignores its H1" time="0.0067" asserts="0" success="True" result="Success" executed="True" />
                  <test-case description="opens a tilde fence with 0 leading spaces and ignores its H1" name="Get-DocumentationH1InsertionIndex CommonMark parsing.opens a tilde fence with 0 leading spaces and ignores its H1" time="0.0069" asserts="0" success="True" result="Success" executed="True" />
                  <test-case description="opens a tilde fence with 1 leading spaces and ignores its H1" name="Get-DocumentationH1InsertionIndex CommonMark parsing.opens a tilde fence with 1 leading spaces and ignores its H1" time="0.0067" asserts="0" success="True" result="Success" executed="True" />
                  <test-case description="opens a tilde fence with 2 leading spaces and ignores its H1" name="Get-DocumentationH1InsertionIndex CommonMark parsing.opens a tilde fence with 2 leading spaces and ignores its H1" time="0.0066" asserts="0" success="True" result="Success" executed="True" />
                  <test-case description="opens a tilde fence with 3 leading spaces and ignores its H1" name="Get-DocumentationH1InsertionIndex CommonMark parsing.opens a tilde fence with 3 leading spaces and ignores its H1" time="0.0066" asserts="0" success="True" result="Success" executed="True" />
                </results>
              </test-suite>
              <test-suite type="ParameterizedTest" name="Get-DocumentationH1InsertionIndex CommonMark parsing.does not open a four-space-indented &lt;FenceName&gt;" executed="True" result="Success" success="True" time="0.0137" asserts="0" description="does not open a four-space-indented &lt;FenceName&gt;">
                <results>
                  <test-case description="does not open a four-space-indented backtick fence" name="Get-DocumentationH1InsertionIndex CommonMark parsing.does not open a four-space-indented backtick fence" time="0.0072" asserts="0" success="True" result="Success" executed="True" />
                  <test-case description="does not open a four-space-indented tilde fence" name="Get-DocumentationH1InsertionIndex CommonMark parsing.does not open a four-space-indented tilde fence" time="0.0065" asserts="0" success="True" result="Success" executed="True" />
                </results>
              </test-suite>
              <test-suite type="ParameterizedTest" name="Get-DocumentationH1InsertionIndex CommonMark parsing.uses the Setext underline as the insertion boundary for &lt;Underline&gt;" executed="True" result="Success" success="True" time="0.0312" asserts="0" description="uses the Setext underline as the insertion boundary for &lt;Underline&gt;">
                <results>
                  <test-case description="uses the Setext underline as the insertion boundary for ===" name="Get-DocumentationH1InsertionIndex CommonMark parsing.uses the Setext underline as the insertion boundary for ===" time="0.0078" asserts="0" success="True" result="Success" executed="True" />
                  <test-case description="uses the Setext underline as the insertion boundary for  ===" name="Get-DocumentationH1InsertionIndex CommonMark parsing.uses the Setext underline as the insertion boundary for  ===" time="0.0093" asserts="0" success="True" result="Success" executed="True" />
                  <test-case description="uses the Setext underline as the insertion boundary for   ===" name="Get-DocumentationH1InsertionIndex CommonMark parsing.uses the Setext underline as the insertion boundary for   ===" time="0.007" asserts="0" success="True" result="Success" executed="True" />
                  <test-case description="uses the Setext underline as the insertion boundary for    ===" name="Get-DocumentationH1InsertionIndex CommonMark parsing.uses the Setext underline as the insertion boundary for    ===" time="0.007" asserts="0" success="True" result="Success" executed="True" />
                </results>
              </test-suite>
            </results>
          </test-suite>
          <test-suite type="TestFixture" name="New-DocumentationMetadataTable" executed="True" result="Success" success="True" time="2.7144" asserts="0" description="New-DocumentationMetadataTable">
            <results>
              <test-case description="returns the exact eight LF-separated lines without a trailing newline" name="New-DocumentationMetadataTable.returns the exact eight LF-separated lines without a trailing newline" time="0.0238" asserts="0" success="True" result="Success" executed="True" />
            </results>
          </test-suite>
          <test-suite type="TestFixture" name="Set-DocumentationMetadata.ps1" executed="True" result="Failure" success="False" time="3.7345" asserts="0" description="Set-DocumentationMetadata.ps1">
            <results>
              <test-case description="leaves a file byte-identical under WhatIf" name="Set-DocumentationMetadata.ps1.leaves a file byte-identical under WhatIf" time="0.025" asserts="0" success="True" result="Success" executed="True" />
              <test-case description="rejects a document with no H1 without changing it" name="Set-DocumentationMetadata.ps1.rejects a document with no H1 without changing it" time="0.015" asserts="0" success="True" result="Success" executed="True" />
              <test-case description="leaves valid metadata byte-identical and prints the exact relative path message" name="Set-DocumentationMetadata.ps1.leaves valid metadata byte-identical and prints the exact relative path message" time="0.0245" asserts="0" success="True" result="Success" executed="True" />
              <test-case description="adds metadata while preserving frontmatter, H1, and body content" name="Set-DocumentationMetadata.ps1.adds metadata while preserving frontmatter, H1, and body content" time="0.0386" asserts="0" success="True" result="Success" executed="True" />
              <test-case description="rejects a four-space indented ATX heading without changing the file" name="Set-DocumentationMetadata.ps1.rejects a four-space indented ATX heading without changing the file" time="0.0222" asserts="0" success="True" result="Success" executed="True" />
              <test-case description="inserts metadata after a Setext H1 underline" name="Set-DocumentationMetadata.ps1.inserts metadata after a Setext H1 underline" time="0.0199" asserts="0" success="True" result="Success" executed="True" />
              <test-case description="keeps frontmatter before a Setext H1 and inserts after its indented underline" name="Set-DocumentationMetadata.ps1.keeps frontmatter before a Setext H1 and inserts after its indented underline" time="0.026" asserts="0" success="True" result="Success" executed="True" />
              <test-case description="inserts metadata after a multiline Setext H1 and preserves its complete title" name="Set-DocumentationMetadata.ps1.inserts metadata after a multiline Setext H1 and preserves its complete title" time="0.0271" asserts="0" success="True" result="Success" executed="True" />
              <test-case description="inserts after an ATX H1 without consuming a following equals line" name="Set-DocumentationMetadata.ps1.inserts after an ATX H1 without consuming a following equals line" time="0.0202" asserts="0" success="True" result="Success" executed="True" />
              <test-case description="ignores ATX and Setext headings in fences when migrating a Setext document" name="Set-DocumentationMetadata.ps1.ignores ATX and Setext headings in fences when migrating a Setext document" time="0.0224" asserts="0" success="True" result="Success" executed="True" />
              <test-case description="rejects mixed ATX and Setext H1 styles without changing the file" name="Set-DocumentationMetadata.ps1.rejects mixed ATX and Setext H1 styles without changing the file" time="0.0218" asserts="0" success="True" result="Success" executed="True" />
              <test-case description="rejects malformed existing metadata instead of stacking another table" name="Set-DocumentationMetadata.ps1.rejects malformed existing metadata instead of stacking another table" time="0.0191" asserts="0" success="True" result="Success" executed="True" />
              <test-case description="rejects a path outside the repository" name="Set-DocumentationMetadata.ps1.rejects a path outside the repository" time="0.0093" asserts="0" success="True" result="Success" executed="True" />
              <test-case description="rejects a reparse-point ancestor without changing its target" name="Set-DocumentationMetadata.ps1.rejects a reparse-point ancestor without changing its target" time="0.5914" asserts="0" success="False" result="Failure" executed="True">
                <failure>
                  <message>CommandNotFoundException: The term 'cmd.exe' is not recognized as a name of a cmdlet, function, script file, or executable program.
Check the spelling of the name, or if a path was included, verify that the path is correct and try again.</message>
                  <stack-trace>at &lt;ScriptBlock&gt;, /home/runner/work/caldova-hr-frontier/caldova-hr-frontier/.github/cli/tests/DocumentationMetadata.Tests.ps1:1493</stack-trace>
                </failure>
              </test-case>
              <test-suite type="ParameterizedTest" name="Set-DocumentationMetadata.ps1.rejects excluded repository paths without changing them" executed="True" result="Success" success="True" time="0.0377" asserts="0" description="rejects excluded repository paths without changing them">
                <results>
                  <test-case description="rejects excluded repository paths without changing them" name="Set-DocumentationMetadata.ps1.rejects excluded repository paths without changing them(&quot;LICENSE&quot;)" time="0.0123" asserts="0" success="True" result="Success" executed="True" />
                  <test-case description="rejects excluded repository paths without changing them" name="Set-DocumentationMetadata.ps1.rejects excluded repository paths without changing them(&quot;.github/skills/LICENSE.superpowers&quot;)" time="0.0116" asserts="0" success="True" result="Success" executed="True" />
                  <test-case description="rejects excluded repository paths without changing them" name="Set-DocumentationMetadata.ps1.rejects excluded repository paths without changing them(&quot;.github/skills/brainstorming/SKILL.md&quot;)" time="0.0138" asserts="0" success="True" result="Success" executed="True" />
                </results>
              </test-suite>
              <test-suite type="ParameterizedTest" name="Set-DocumentationMetadata.ps1.inserts metadata after an ATX H1 with &lt;IndentCount&gt; leading spaces" executed="True" result="Success" success="True" time="0.0555" asserts="0" description="inserts metadata after an ATX H1 with &lt;IndentCount&gt; leading spaces">
                <results>
                  <test-case description="inserts metadata after an ATX H1 with 1 leading spaces" name="Set-DocumentationMetadata.ps1.inserts metadata after an ATX H1 with 1 leading spaces" time="0.0192" asserts="0" success="True" result="Success" executed="True" />
                  <test-case description="inserts metadata after an ATX H1 with 2 leading spaces" name="Set-DocumentationMetadata.ps1.inserts metadata after an ATX H1 with 2 leading spaces" time="0.0187" asserts="0" success="True" result="Success" executed="True" />
                  <test-case description="inserts metadata after an ATX H1 with 3 leading spaces" name="Set-DocumentationMetadata.ps1.inserts metadata after an ATX H1 with 3 leading spaces" time="0.0176" asserts="0" success="True" result="Success" executed="True" />
                </results>
              </test-suite>
              <test-suite type="ParameterizedTest" name="Set-DocumentationMetadata.ps1.rejects a sole empty ATX H1 with a usable-title error without changing it" executed="True" result="Success" success="True" time="0.032" asserts="0" description="rejects a sole empty ATX H1 with a usable-title error without changing it">
                <results>
                  <test-case description="rejects a sole empty ATX H1 with a usable-title error without changing it" name="Set-DocumentationMetadata.ps1.rejects a sole empty ATX H1 with a usable-title error without changing it(&quot;#&quot;,&quot;empty-atx.md&quot;)" time="0.0169" asserts="0" success="True" result="Success" executed="True" />
                  <test-case description="rejects a sole empty ATX H1 with a usable-title error without changing it" name="Set-DocumentationMetadata.ps1.rejects a sole empty ATX H1 with a usable-title error without changing it(&quot;# &quot;,&quot;empty-atx-space.md&quot;)" time="0.0151" asserts="0" success="True" result="Success" executed="True" />
                </results>
              </test-suite>
            </results>
          </test-suite>
          <test-suite type="TestFixture" name="Repository documentation inventory" executed="True" result="Success" success="True" time="9.9274" asserts="0" description="Repository documentation inventory">
            <results>
              <test-case description="has valid metadata on every eligible tracked Markdown file" name="Repository documentation inventory.has valid metadata on every eligible tracked Markdown file" time="6.1895" asserts="0" success="True" result="Success" executed="True" />
            </results>
          </test-suite>
        </results>
      </test-suite>
      <test-suite type="TestFixture" name="/home/runner/work/caldova-hr-frontier/caldova-hr-frontier/.github/cli/tests/IssueFormContract.Tests.ps1" executed="True" result="Success" success="True" time="0.2911" asserts="0" description="/home/runner/work/caldova-hr-frontier/caldova-hr-frontier/.github/cli/tests/IssueFormContract.Tests.ps1">
        <results>
          <test-suite type="TestFixture" name="Active issue forms" executed="True" result="Success" success="True" time="0.0732" asserts="0" description="Active issue forms">
            <results>
              <test-case description="contains the exact five-file set" name="Active issue forms.contains the exact five-file set" time="0.01" asserts="0" success="True" result="Success" executed="True" />
              <test-case description="retains bug and feature bytes and adds reviewed intake controls" name="Active issue forms.retains bug and feature bytes and adds reviewed intake controls" time="0.0386" asserts="0" success="True" result="Success" executed="True" />
              <test-case description="points the active governance guidance at a tracked repository policy file" name="Active issue forms.points the active governance guidance at a tracked repository policy file" time="0.0048" asserts="0" success="True" result="Success" executed="True" />
              <test-case description="keeps the reviewed personal and special-category data prohibition" name="Active issue forms.keeps the reviewed personal and special-category data prohibition" time="0.0071" asserts="0" success="True" result="Success" executed="True" />
              <test-case description="uses LF and space indentation for the Task 6 issue controls" name="Active issue forms.uses LF and space indentation for the Task 6 issue controls" time="0.0104" asserts="0" success="True" result="Success" executed="True" />
            </results>
          </test-suite>
          <test-suite type="TestFixture" name="CODEOWNERS contract" executed="True" result="Success" success="True" time="0.1216" asserts="0" description="CODEOWNERS contract">
            <results>
              <test-case description="assigns the default and explicit domain paths to the repository owner" name="CODEOWNERS contract.assigns the default and explicit domain paths to the repository owner" time="0.0465" asserts="0" success="True" result="Success" executed="True" />
            </results>
          </test-suite>
          <test-suite type="TestFixture" name="Dependabot contract" executed="True" result="Success" success="True" time="0.1286" asserts="0" description="Dependabot contract">
            <results>
              <test-case description="checks GitHub Actions dependencies from the repository root every week" name="Dependabot contract.checks GitHub Actions dependencies from the repository root every week" time="0.0052" asserts="0" success="True" result="Success" executed="True" />
            </results>
          </test-suite>
          <test-suite type="TestFixture" name="Pull request template contract" executed="True" result="Success" success="True" time="0.1688" asserts="0" description="Pull request template contract">
            <results>
              <test-case description="has valid repository metadata and the reviewed collaboration sections" name="Pull request template contract.has valid repository metadata and the reviewed collaboration sections" time="0.0261" asserts="0" success="True" result="Success" executed="True" />
              <test-case description="uses the exact public multi-tenant governance checklist" name="Pull request template contract.uses the exact public multi-tenant governance checklist" time="0.0068" asserts="0" success="True" result="Success" executed="True" />
              <test-case description="describes DEV TEST and PROD as Power Platform ALM impact" name="Pull request template contract.describes DEV TEST and PROD as Power Platform ALM impact" time="0.0051" asserts="0" success="True" result="Success" executed="True" />
            </results>
          </test-suite>
          <test-suite type="TestFixture" name=".gitignore collaboration additions" executed="True" result="Success" success="True" time="0.265" asserts="0" description=".gitignore collaboration additions">
            <results>
              <test-case description="preserves worktree Superpowers and selective VS Code rules" name=".gitignore collaboration additions.preserves worktree Superpowers and selective VS Code rules" time="0.0305" asserts="0" success="True" result="Success" executed="True" />
              <test-case description="contains every approved additive rule exactly once" name=".gitignore collaboration additions.contains every approved additive rule exactly once" time="0.0637" asserts="0" success="True" result="Success" executed="True" />
            </results>
          </test-suite>
        </results>
      </test-suite>
      <test-suite type="TestFixture" name="/home/runner/work/caldova-hr-frontier/caldova-hr-frontier/.github/cli/tests/Phase2SourceContract.Tests.ps1" executed="True" result="Success" success="True" time="0.1223" asserts="0" description="/home/runner/work/caldova-hr-frontier/caldova-hr-frontier/.github/cli/tests/Phase2SourceContract.Tests.ps1">
        <results>
          <test-suite type="TestFixture" name="Phase 2 source contract" executed="True" result="Success" success="True" time="0.0423" asserts="0" description="Phase 2 source contract">
            <results>
              <test-case description="matches every reviewed path and hash exactly once" name="Phase 2 source contract.matches every reviewed path and hash exactly once" time="0.0379" asserts="0" success="True" result="Success" executed="True" />
              <test-case description="has not imported the source placeholder target" name="Phase 2 source contract.has not imported the source placeholder target" time="0.0025" asserts="0" success="True" result="Success" executed="True" />
            </results>
          </test-suite>
          <test-suite type="TestFixture" name="Imported authority status" executed="True" result="Success" success="True" time="0.0751" asserts="0" description="Imported authority status">
            <results>
              <test-case description="imports exactly the four proposed ADR candidates" name="Imported authority status.imports exactly the four proposed ADR candidates" time="0.0255" asserts="0" success="True" result="Success" executed="True" />
              <test-case description="imports the Microsoft evaluation as a proposed, source-derived assessment, now superseded by Phase 4" name="Imported authority status.imports the Microsoft evaluation as a proposed, source-derived assessment, now superseded by Phase 4" time="0.0054" asserts="0" success="True" result="Success" executed="True" />
            </results>
          </test-suite>
          <test-suite type="TestFixture" name="Root product and agent workflow map" executed="True" result="Success" success="True" time="0.0937" asserts="0" description="Root product and agent workflow map">
            <results>
              <test-case description="preserves the repository workflow, and the Phase 2 deliverable is superseded on disk, not deleted" name="Root product and agent workflow map.preserves the repository workflow, and the Phase 2 deliverable is superseded on disk, not deleted" time="0.0162" asserts="0" success="True" result="Success" executed="True" />
            </results>
          </test-suite>
        </results>
      </test-suite>
      <test-suite type="TestFixture" name="/home/runner/work/caldova-hr-frontier/caldova-hr-frontier/.github/cli/tests/Phase3SourceContract.Tests.ps1" executed="True" result="Success" success="True" time="0.0588" asserts="0" description="/home/runner/work/caldova-hr-frontier/caldova-hr-frontier/.github/cli/tests/Phase3SourceContract.Tests.ps1">
        <results>
          <test-suite type="TestFixture" name="Phase 3 source contract" executed="True" result="Success" success="True" time="0.0453" asserts="0" description="Phase 3 source contract">
            <results>
              <test-case description="matches all ten substantive source documents exactly once" name="Phase 3 source contract.matches all ten substantive source documents exactly once" time="0.0288" asserts="0" success="True" result="Success" executed="True" />
              <test-case description="matches all five placeholder source records and does not import their targets" name="Phase 3 source contract.matches all five placeholder source records and does not import their targets" time="0.0146" asserts="0" success="True" result="Success" executed="True" />
            </results>
          </test-suite>
        </results>
      </test-suite>
      <test-suite type="TestFixture" name="/home/runner/work/caldova-hr-frontier/caldova-hr-frontier/.github/cli/tests/RepositorySafety.Tests.ps1" executed="True" result="Failure" success="False" time="0.4598" asserts="0" description="/home/runner/work/caldova-hr-frontier/caldova-hr-frontier/.github/cli/tests/RepositorySafety.Tests.ps1">
        <results>
          <test-suite type="TestFixture" name="Core repository safety validation" executed="True" result="Failure" success="False" time="0.4365" asserts="0" description="Core repository safety validation">
            <results>
              <test-case description="resolves its own repository root when invoked without -RepositoryRoot" name="Core repository safety validation.resolves its own repository root when invoked without -RepositoryRoot" time="0.0691" asserts="0" success="False" result="Failure" executed="True">
                <failure>
                  <message>CommandNotFoundException: The term 'powershell' is not recognized as a name of a cmdlet, function, script file, or executable program.
Check the spelling of the name, or if a path was included, verify that the path is correct and try again.</message>
                  <stack-trace>at &lt;ScriptBlock&gt;, /home/runner/work/caldova-hr-frontier/caldova-hr-frontier/.github/cli/tests/RepositorySafety.Tests.ps1:46</stack-trace>
                </failure>
              </test-case>
              <test-case description="accepts scripts and workflows without deployment execution or credentials" name="Core repository safety validation.accepts scripts and workflows without deployment execution or credentials" time="0.0313" asserts="0" success="True" result="Success" executed="True" />
              <test-case description="scans every repository workflow" name="Core repository safety validation.scans every repository workflow" time="0.01" asserts="0" success="True" result="Success" executed="True" />
              <test-case description="accepts exact external pins and ignores repository-local actions" name="Core repository safety validation.accepts exact external pins and ignores repository-local actions" time="0.0102" asserts="0" success="True" result="Success" executed="True" />
              <test-case description="resolves its repository root when invoked without parameters" name="Core repository safety validation.resolves its repository root when invoked without parameters" time="0.1883" asserts="0" success="False" result="Failure" executed="True">
                <failure>
                  <message>ValidationMetadataException: The argument is null or empty. Provide an argument that is not null or empty, and then try the command again.
ParameterBindingValidationException: Cannot validate argument on parameter 'FilePath'. The argument is null or empty. Provide an argument that is not null or empty, and then try the command again.</message>
                  <stack-trace>at &lt;ScriptBlock&gt;, /home/runner/work/caldova-hr-frontier/caldova-hr-frontier/.github/cli/tests/RepositorySafety.Tests.ps1:140</stack-trace>
                </failure>
              </test-case>
              <test-suite type="ParameterizedTest" name="Core repository safety validation.rejects prohibited bootstrap content" executed="True" result="Success" success="True" time="0.0396" asserts="0" description="rejects prohibited bootstrap content">
                <results>
                  <test-case description="rejects prohibited bootstrap content" name="Core repository safety validation.rejects prohibited bootstrap content(&quot;az deployment sub create --location switzerlandnorth&quot;)" time="0.0092" asserts="0" success="True" result="Success" executed="True" />
                  <test-case description="rejects prohibited bootstrap content" name="Core repository safety validation.rejects prohibited bootstrap content(&quot;New-AzSubscriptionDeployment -Location switzerlandnorth&quot;)" time="0.008" asserts="0" success="True" result="Success" executed="True" />
                  <test-case description="rejects prohibited bootstrap content" name="Core repository safety validation.rejects prohibited bootstrap content(&quot;AZURE_CLIENT_SECRET=not-a-real-secret&quot;)" time="0.0142" asserts="0" success="True" result="Success" executed="True" />
                  <test-case description="rejects prohibited bootstrap content" name="Core repository safety validation.rejects prohibited bootstrap content(&quot;--password not-a-real-password&quot;)" time="0.0082" asserts="0" success="True" result="Success" executed="True" />
                </results>
              </test-suite>
              <test-suite type="ParameterizedTest" name="Core repository safety validation.rejects &lt;Reason&gt;" executed="True" result="Success" success="True" time="0.0405" asserts="0" description="rejects &lt;Reason&gt;">
                <results>
                  <test-case description="rejects an unknown external action" name="Core repository safety validation.rejects an unknown external action" time="0.0122" asserts="0" success="True" result="Success" executed="True" />
                  <test-case description="rejects a mutable action reference" name="Core repository safety validation.rejects a mutable action reference" time="0.0091" asserts="0" success="True" result="Success" executed="True" />
                  <test-case description="rejects a mismatched action SHA" name="Core repository safety validation.rejects a mismatched action SHA" time="0.0113" asserts="0" success="True" result="Success" executed="True" />
                  <test-case description="rejects an unused manifest entry" name="Core repository safety validation.rejects an unused manifest entry" time="0.0079" asserts="0" success="True" result="Success" executed="True" />
                </results>
              </test-suite>
            </results>
          </test-suite>
        </results>
      </test-suite>
      <test-suite type="TestFixture" name="/home/runner/work/caldova-hr-frontier/caldova-hr-frontier/.github/cli/tests/SourceInventory.Tests.ps1" executed="True" result="Failure" success="False" time="8.779" asserts="0" description="/home/runner/work/caldova-hr-frontier/caldova-hr-frontier/.github/cli/tests/SourceInventory.Tests.ps1">
        <results>
          <test-suite type="TestFixture" name="Get-ArchitectureSourceInventory" executed="True" result="Failure" success="False" time="0.7109" asserts="0" description="Get-ArchitectureSourceInventory">
            <results>
              <test-case description="returns ordinally sorted relative paths, byte counts, and lowercase SHA-256 values" name="Get-ArchitectureSourceInventory.returns ordinally sorted relative paths, byte counts, and lowercase SHA-256 values" time="0.5892" asserts="0" success="False" result="Failure" executed="True">
                <failure>
                  <message>Expected @('b.txt', 'nested/a.txt', 'z.txt', 'ä.txt'), but got @('/b.txt', '/nested/a.txt', '/z.txt', '/ä.txt').</message>
                  <stack-trace>at $result.files.relativePath | Should -Be @('b.txt', 'nested/a.txt', 'z.txt', 'ä.txt'), /home/runner/work/caldova-hr-frontier/caldova-hr-frontier/.github/cli/tests/SourceInventory.Tests.ps1:58
at &lt;ScriptBlock&gt;, /home/runner/work/caldova-hr-frontier/caldova-hr-frontier/.github/cli/tests/SourceInventory.Tests.ps1:58</stack-trace>
                </failure>
              </test-case>
              <test-case description="rejects a regular file as SourceRoot" name="Get-ArchitectureSourceInventory.rejects a regular file as SourceRoot" time="0.0121" asserts="0" success="True" result="Success" executed="True" />
              <test-case description="rejects a SourceRoot from a non-FileSystem provider" name="Get-ArchitectureSourceInventory.rejects a SourceRoot from a non-FileSystem provider" time="0.0054" asserts="0" success="True" result="Success" executed="True" />
[...]
                    <failure>
                      <message>Expected an exception with message like '*OutputPath must be outside SourceRoot*' to be thrown, but the message was 'Exception calling "CreateFile" with "7" argument(s): "Value cannot be null. (Parameter 'path1')"'. from /home/runner/work/caldova-hr-frontier/caldova-hr-frontier/.github/cli/New-ArchitectureSourceInventory.ps1:307 char:15
    +         -FinalPath (Get-FinalFileSystemPath -Path $SourceRoot) `
    +                     ~~~~~~~~~~~~~~~~~~~~~~~~~~~~~~~~~~~~~~~~~</message>
                      <stack-trace>at } | Should -Throw $ExpectedError, /home/runner/work/caldova-hr-frontier/caldova-hr-frontier/.github/cli/tests/SourceInventory.Tests.ps1:722
at &lt;ScriptBlock&gt;, /home/runner/work/caldova-hr-frontier/caldova-hr-frontier/.github/cli/tests/SourceInventory.Tests.ps1:717</stack-trace>
                    </failure>
                  </test-case>
                  <test-case description="rejects the //?/ alias of an existing source file before writing" name="New-ArchitectureSourceInventory.ps1 output safety.rejects the //?/ alias of an existing source file before writing" time="0.0097" asserts="0" success="False" result="Failure" executed="True">
                    <failure>
                      <message>Expected an exception with message like '*OutputPath must be outside SourceRoot*' to be thrown, but the message was 'Exception calling "CreateFile" with "7" argument(s): "Value cannot be null. (Parameter 'path1')"'. from /home/runner/work/caldova-hr-frontier/caldova-hr-frontier/.github/cli/New-ArchitectureSourceInventory.ps1:307 char:15
    +         -FinalPath (Get-FinalFileSystemPath -Path $SourceRoot) `
    +                     ~~~~~~~~~~~~~~~~~~~~~~~~~~~~~~~~~~~~~~~~~</message>
                      <stack-trace>at } | Should -Throw $ExpectedError, /home/runner/work/caldova-hr-frontier/caldova-hr-frontier/.github/cli/tests/SourceInventory.Tests.ps1:722
at &lt;ScriptBlock&gt;, /home/runner/work/caldova-hr-frontier/caldova-hr-frontier/.github/cli/tests/SourceInventory.Tests.ps1:717</stack-trace>
                    </failure>
                  </test-case>
                  <test-case description="rejects the \\.\ alias of an existing source file before writing" name="New-ArchitectureSourceInventory.ps1 output safety.rejects the \\.\ alias of an existing source file before writing" time="0.0102" asserts="0" success="False" result="Failure" executed="True">
                    <failure>
                      <message>Expected an exception with message like '*Unsupported device namespace*' to be thrown, but the message was 'Exception calling "CreateFile" with "7" argument(s): "Value cannot be null. (Parameter 'path1')"'. from /home/runner/work/caldova-hr-frontier/caldova-hr-frontier/.github/cli/New-ArchitectureSourceInventory.ps1:307 char:15
    +         -FinalPath (Get-FinalFileSystemPath -Path $SourceRoot) `
    +                     ~~~~~~~~~~~~~~~~~~~~~~~~~~~~~~~~~~~~~~~~~</message>
                      <stack-trace>at } | Should -Throw $ExpectedError, /home/runner/work/caldova-hr-frontier/caldova-hr-frontier/.github/cli/tests/SourceInventory.Tests.ps1:722
at &lt;ScriptBlock&gt;, /home/runner/work/caldova-hr-frontier/caldova-hr-frontier/.github/cli/tests/SourceInventory.Tests.ps1:717</stack-trace>
                    </failure>
                  </test-case>
                  <test-case description="rejects the //./ alias of an existing source file before writing" name="New-ArchitectureSourceInventory.ps1 output safety.rejects the //./ alias of an existing source file before writing" time="0.0148" asserts="0" success="False" result="Failure" executed="True">
                    <failure>
                      <message>Expected an exception with message like '*Unsupported device namespace*' to be thrown, but the message was 'OutputPath must be outside SourceRoot: /tmp/300493a9-191b-4903-80c4-ad2dc03c06b1/script-source-5ac3d09ac7ee40899973755ac0238317/source.txt'. from /home/runner/work/caldova-hr-frontier/caldova-hr-frontier/.github/cli/New-ArchitectureSourceInventory.ps1:646 char:2
    +     throw "OutputPath must be outside SourceRoot: $absoluteOutput"
    +     ~~~~~~~~~~~~~~~~~~~~~~~~~~~~~~~~~~~~~~~~~~~~~~~~~~~~~~~~~~~~~~</message>
                      <stack-trace>at } | Should -Throw $ExpectedError, /home/runner/work/caldova-hr-frontier/caldova-hr-frontier/.github/cli/tests/SourceInventory.Tests.ps1:722
at &lt;ScriptBlock&gt;, /home/runner/work/caldova-hr-frontier/caldova-hr-frontier/.github/cli/tests/SourceInventory.Tests.ps1:717</stack-trace>
                    </failure>
                  </test-case>
                </results>
              </test-suite>
            </results>
          </test-suite>
          <test-suite type="TestFixture" name="source inventory schema" executed="True" result="Success" success="True" time="8.7095" asserts="0" description="source inventory schema">
            <results>
              <test-case description="enforces the exact generatedUtc representation" name="source inventory schema.enforces the exact generatedUtc representation" time="0.0162" asserts="0" success="True" result="Success" executed="True" />
            </results>
          </test-suite>
        </results>
      </test-suite>
      <test-suite type="TestFixture" name="/home/runner/work/caldova-hr-frontier/caldova-hr-frontier/.github/cli/tests/WorkflowContract.Tests.ps1" executed="True" result="Success" success="True" time="0.0477" asserts="0" description="/home/runner/work/caldova-hr-frontier/caldova-hr-frontier/.github/cli/tests/WorkflowContract.Tests.ps1">
        <results>
          <test-suite type="TestFixture" name="Repository validation workflow" executed="True" result="Success" success="True" time="0.0335" asserts="0" description="Repository validation workflow">
            <results>
              <test-case description="keeps the stable required status and runs only deterministic core checks" name="Repository validation workflow.keeps the stable required status and runs only deterministic core checks" time="0.0059" asserts="0" success="True" result="Success" executed="True" />
              <test-case description="runs the comprehensive baseline as a non-blocking advisory workflow" name="Repository validation workflow.runs the comprehensive baseline as a non-blocking advisory workflow" time="0.0058" asserts="0" success="True" result="Success" executed="True" />
              <test-case description="supports baseline-only execution without weakening the default validator" name="Repository validation workflow.supports baseline-only execution without weakening the default validator" time="0.0035" asserts="0" success="True" result="Success" executed="True" />
              <test-case description="selects one Git executable when the runner exposes duplicate command paths" name="Repository validation workflow.selects one Git executable when the runner exposes duplicate command paths" time="0.004" asserts="0" success="True" result="Success" executed="True" />
              <test-case description="emits failed Pester test details in the validator summary" name="Repository validation workflow.emits failed Pester test details in the validator summary" time="0.0101" asserts="0" success="True" result="Success" executed="True" />
              <test-case description="records reviewer acceptance when an advisory audit is not green" name="Repository validation workflow.records reviewer acceptance when an advisory audit is not green" time="0.0024" asserts="0" success="True" result="Success" executed="True" />
            </results>
          </test-suite>
        </results>
      </test-suite>
      <test-suite type="TestFixture" name="/home/runner/work/caldova-hr-frontier/caldova-hr-frontier/infra/tests/pester/SharePointDiscovery.Tests.ps1" executed="True" result="Success" success="True" time="0.4441" asserts="0" description="/home/runner/work/caldova-hr-frontier/caldova-hr-frontier/infra/tests/pester/SharePointDiscovery.Tests.ps1">
        <results>
          <test-suite type="TestFixture" name="Tenant 2 SharePoint discovery" executed="True" result="Success" success="True" time="0.4313" asserts="0" description="Tenant 2 SharePoint discovery">
            <results>
              <test-case description="accepts the reviewed Tenant 2 manifest and SharePoint URLs" name="Tenant 2 SharePoint discovery.accepts the reviewed Tenant 2 manifest and SharePoint URLs" time="0.0988" asserts="0" success="True" result="Success" executed="True" />
              <test-case description="rejects Tenant 2 SharePoint URLs outside the exact reviewed site set" name="Tenant 2 SharePoint discovery.rejects Tenant 2 SharePoint URLs outside the exact reviewed site set" time="0.0167" asserts="0" success="True" result="Success" executed="True" />
              <test-case description="rejects Tenant 2 when the reviewed SharePoint block is missing" name="Tenant 2 SharePoint discovery.rejects Tenant 2 when the reviewed SharePoint block is missing" time="0.0088" asserts="0" success="True" result="Success" executed="True" />
              <test-case description="generates a new Tenant 2 discovery manifest from reviewed metadata" name="Tenant 2 SharePoint discovery.generates a new Tenant 2 discovery manifest from reviewed metadata" time="0.1238" asserts="0" success="True" result="Success" executed="True" />
              <test-case description="normalizes exactly the reviewed DEV TEST and PROD sites" name="Tenant 2 SharePoint discovery.normalizes exactly the reviewed DEV TEST and PROD sites" time="0.0325" asserts="0" success="True" result="Success" executed="True" />
              <test-case description="records SharePoint as an optional normalized discovery service" name="Tenant 2 SharePoint discovery.records SharePoint as an optional normalized discovery service" time="0.1235" asserts="0" success="True" result="Success" executed="True" />
            </results>
          </test-suite>
        </results>
      </test-suite>
      <test-suite type="TestFixture" name="/home/runner/work/caldova-hr-frontier/caldova-hr-frontier/infra/tests/pester/WorkflowContract.Tests.ps1" executed="True" result="Success" success="True" time="0.2612" asserts="0" description="/home/runner/work/caldova-hr-frontier/caldova-hr-frontier/infra/tests/pester/WorkflowContract.Tests.ps1">
        <results>
          <test-suite type="TestFixture" name="Task 7 tenant workflow contracts" executed="True" result="Success" success="True" time="0.2343" asserts="0" description="Task 7 tenant workflow contracts">
            <results>
              <test-suite type="TestFixture" name="Task 7 tenant workflow contracts.when both workflow files exist" executed="True" result="Success" success="True" time="0.2316" asserts="0" description="Task 7 tenant workflow contracts.when both workflow files exist">
                <results>
                  <test-case description="discovers all three reviewed Power Platform environments before producing only redacted evidence" name="Task 7 tenant workflow contracts.when both workflow files exist.discovers all three reviewed Power Platform environments before producing only redacted evidence" time="0.0647" asserts="0" success="True" result="Success" executed="True" />
                  <test-case description="pins Pester before validating normalized discovery" name="Task 7 tenant workflow contracts.when both workflow files exist.pins Pester before validating normalized discovery" time="0.0052" asserts="0" success="True" result="Success" executed="True" />
                  <test-case description="fails false cleanup approval before checkout or authentication" name="Task 7 tenant workflow contracts.when both workflow files exist.fails false cleanup approval before checkout or authentication" time="0.0094" asserts="0" success="True" result="Success" executed="True" />
                  <test-case description="requires reviewed inputs and captures exactly two post-login role assignments" name="Task 7 tenant workflow contracts.when both workflow files exist.requires reviewed inputs and captures exactly two post-login role assignments" time="0.0178" asserts="0" success="True" result="Success" executed="True" />
                  <test-case description="delegates only validated what-if orchestration with the reviewed cleanup tuple" name="Task 7 tenant workflow contracts.when both workflow files exist.delegates only validated what-if orchestration with the reviewed cleanup tuple" time="0.0101" asserts="0" success="True" result="Success" executed="True" />
                  <test-case description="always retries idempotent cleanup with the same exact run principal scope and IDs" name="Task 7 tenant workflow contracts.when both workflow files exist.always retries idempotent cleanup with the same exact run principal scope and IDs" time="0.012" asserts="0" success="True" result="Success" executed="True" />
                  <test-suite type="ParameterizedTest" name="Task 7 tenant workflow contracts.when both workflow files exist.&lt;Name&gt; exposes only reviewed tenant dispatch choices" executed="True" result="Success" success="True" time="0.0193" asserts="0" description="&lt;Name&gt; exposes only reviewed tenant dispatch choices">
                    <results>
                      <test-case description="discovery exposes only reviewed tenant dispatch choices" name="Task 7 tenant workflow contracts.when both workflow files exist.discovery exposes only reviewed tenant dispatch choices" time="0.0148" asserts="0" success="True" result="Success" executed="True" />
                      <test-case description="bootstrap exposes only reviewed tenant dispatch choices" name="Task 7 tenant workflow contracts.when both workflow files exist.bootstrap exposes only reviewed tenant dispatch choices" time="0.0045" asserts="0" success="True" result="Success" executed="True" />
                    </results>
                  </test-suite>
                  <test-suite type="ParameterizedTest" name="Task 7 tenant workflow contracts.when both workflow files exist.&lt;Name&gt; serializes one tenant on its reviewed GitHub Environment" executed="True" result="Success" success="True" time="0.0239" asserts="0" description="&lt;Name&gt; serializes one tenant on its reviewed GitHub Environment">
                    <results>
                      <test-case description="discovery serializes one tenant on its reviewed GitHub Environment" name="Task 7 tenant workflow contracts.when both workflow files exist.discovery serializes one tenant on its reviewed GitHub Environment" time="0.0196" asserts="0" success="True" result="Success" executed="True" />
                      <test-case description="bootstrap serializes one tenant on its reviewed GitHub Environment" name="Task 7 tenant workflow contracts.when both workflow files exist.bootstrap serializes one tenant on its reviewed GitHub Environment" time="0.0043" asserts="0" success="True" result="Success" executed="True" />
                    </results>
                  </test-suite>
                  <test-suite type="ParameterizedTest" name="Task 7 tenant workflow contracts.when both workflow files exist.&lt;Name&gt; grants only OIDC and checkout permissions" executed="True" result="Success" success="True" time="0.0068" asserts="0" description="&lt;Name&gt; grants only OIDC and checkout permissions">
                    <results>
                      <test-case description="discovery grants only OIDC and checkout permissions" name="Task 7 tenant workflow contracts.when both workflow files exist.discovery grants only OIDC and checkout permissions" time="0.0036" asserts="0" success="True" result="Success" executed="True" />
                      <test-case description="bootstrap grants only OIDC and checkout permissions" name="Task 7 tenant workflow contracts.when both workflow files exist.bootstrap grants only OIDC and checkout permissions" time="0.0032" asserts="0" success="True" result="Success" executed="True" />
                    </results>
                  </test-suite>
                  <test-suite type="ParameterizedTest" name="Task 7 tenant workflow contracts.when both workflow files exist.&lt;Name&gt; binds pinned checkout and Azure OIDC login to Environment variables" executed="True" result="Success" success="True" time="0.0246" asserts="0" description="&lt;Name&gt; binds pinned checkout and Azure OIDC login to Environment variables">
                    <results>
                      <test-case description="discovery binds pinned checkout and Azure OIDC login to Environment variables" name="Task 7 tenant workflow contracts.when both workflow files exist.discovery binds pinned checkout and Azure OIDC login to Environment variables" time="0.0131" asserts="0" success="True" result="Success" executed="True" />
                      <test-case description="bootstrap binds pinned checkout and Azure OIDC login to Environment variables" name="Task 7 tenant workflow contracts.when both workflow files exist.bootstrap binds pinned checkout and Azure OIDC login to Environment variables" time="0.0115" asserts="0" success="True" result="Success" executed="True" />
                    </results>
                  </test-suite>
                  <test-suite type="ParameterizedTest" name="Task 7 tenant workflow contracts.when both workflow files exist.&lt;Name&gt; excludes broad credentials, deployment, publication, and error suppression paths" executed="True" result="Success" success="True" time="0.0247" asserts="0" description="&lt;Name&gt; excludes broad credentials, deployment, publication, and error suppression paths">
                    <results>
                      <test-case description="discovery excludes broad credentials, deployment, publication, and error suppression paths" name="Task 7 tenant workflow contracts.when both workflow files exist.discovery excludes broad credentials, deployment, publication, and error suppression paths" time="0.016" asserts="0" success="True" result="Success" executed="True" />
                      <test-case description="bootstrap excludes broad credentials, deployment, publication, and error suppression paths" name="Task 7 tenant workflow contracts.when both workflow files exist.bootstrap excludes broad credentials, deployment, publication, and error suppression paths" time="0.0087" asserts="0" success="True" result="Success" executed="True" />
                    </results>
                  </test-suite>
                </results>
              </test-suite>
              <test-suite type="ParameterizedTest" name="Task 7 tenant workflow contracts.provides the &lt;Name&gt; workflow before evaluating its behavior contract" executed="True" result="Success" success="True" time="0.0052" asserts="0" description="provides the &lt;Name&gt; workflow before evaluating its behavior contract">
                <results>
                  <test-case description="provides the discovery workflow before evaluating its behavior contract" name="Task 7 tenant workflow contracts.provides the discovery workflow before evaluating its behavior contract" time="0.0034" asserts="0" success="True" result="Success" executed="True" />
                  <test-case description="provides the bootstrap workflow before evaluating its behavior contract" name="Task 7 tenant workflow contracts.provides the bootstrap workflow before evaluating its behavior contract" time="0.0018" asserts="0" success="True" result="Success" executed="True" />
                </results>
              </test-suite>
            </results>
          </test-suite>
        </results>
      </test-suite>
    </results>
  </test-suite>
</test-results>