<?xml version="1.0" encoding="utf-8" standalone="no"?>
<test-results xmlns:xsi="http://www.w3.org/2001/XMLSchema-instance" xsi:noNamespaceSchemaLocation="nunit_schema_2.5.xsd" name="Pester" total="366" errors="0" failures="124" not-run="0" inconclusive="0" ignored="0" skipped="0" invalid="0" date="2026-09-25" time="17:10:38">
  <environment clr-version="10.0.12" cwd="C:\Users\urruegg\Source\urruegg\copilot-worktrees\caldova-hr-frontier\urruegg-studious-guacamole" machine-name="URRUEGGLAP01" user="urruegg" nunit-version="2.5.8.0" platform="Microsoft Windows 11 Enterprise|C:\Windows|\Device\Harddisk0\Partition3" os-version="10.0.26300" user-domain="EUROPE" />
  <culture-info current-culture="en-CH" current-uiculture="en-US" />
  <test-suite type="TestFixture" name="Pester" executed="True" result="Failure" success="False" time="99.2378" asserts="0" description="Pester">
    <results>
      <test-suite type="TestFixture" name="C:\Users\urruegg\Source\urruegg\copilot-worktrees\caldova-hr-frontier\urruegg-studious-guacamole\infra\tests\pester\AzureBoardsPopulation.Tests.ps1" executed="True" result="Success" success="True" time="3.6281" asserts="0" description="C:\Users\urruegg\Source\urruegg\copilot-worktrees\caldova-hr-frontier\urruegg-studious-guacamole\infra\tests\pester\AzureBoardsPopulation.Tests.ps1">
        <results>
          <test-suite type="TestFixture" name="Azure Boards population" executed="True" result="Success" success="True" time="2.6667" asserts="0" description="Azure Boards population">
            <results>
              <test-suite type="TestFixture" name="Azure Boards population.Get-HrIdeaPortfolioItems" executed="True" result="Success" success="True" time="0.9589" asserts="0" description="Azure Boards population.Get-HrIdeaPortfolioItems">
                <results>
                  <test-case description="parses UseCaseId, Title, Status, JourneyStage, SourcePath, and Summary from each fixture idea file" name="Azure Boards population.Get-HrIdeaPortfolioItems.parses UseCaseId, Title, Status, JourneyStage, SourcePath, and Summary from each fixture idea file" time="0.6391" asserts="0" success="True" result="Success" executed="True" />
                  <test-case description="throws a clear error when an idea file has no H1 line" name="Azure Boards population.Get-HrIdeaPortfolioItems.throws a clear error when an idea file has no H1 line" time="0.1116" asserts="0" success="True" result="Success" executed="True" />
                  <test-case description="throws a clear error when an idea file has no Status blockquote line" name="Azure Boards population.Get-HrIdeaPortfolioItems.throws a clear error when an idea file has no Status blockquote line" time="0.0976" asserts="0" success="True" result="Success" executed="True" />
                </results>
              </test-suite>
              <test-suite type="TestFixture" name="Azure Boards population.Get-AzureDevOpsProcessCapabilities" executed="True" result="Success" success="True" time="1.3584" asserts="0" description="Azure Boards population.Get-AzureDevOpsProcessCapabilities">
                <results>
                  <test-case description="returns EpicWorkItemTypeName when the project work item types include Epic" name="Azure Boards population.Get-AzureDevOpsProcessCapabilities.returns EpicWorkItemTypeName when the project work item types include Epic" time="0.2153" asserts="0" success="True" result="Success" executed="True" />
                  <test-case description="throws a named error listing the observed types when Epic is absent" name="Azure Boards population.Get-AzureDevOpsProcessCapabilities.throws a named error listing the observed types when Epic is absent" time="0.1722" asserts="0" success="True" result="Success" executed="True" />
                </results>
              </test-suite>
              <test-suite type="TestFixture" name="Azure Boards population.Get-AzureDevOpsWorkItemPlan" executed="True" result="Success" success="True" time="2.1309" asserts="0" description="Azure Boards population.Get-AzureDevOpsWorkItemPlan">
                <results>
                  <test-case description="marks an idea Create when the WIQL query returns no matching work item" name="Azure Boards population.Get-AzureDevOpsWorkItemPlan.marks an idea Create when the WIQL query returns no matching work item" time="0.2728" asserts="0" success="True" result="Success" executed="True" />
                  <test-case description="marks an idea Existing when the WIQL query returns exactly one matching work item" name="Azure Boards population.Get-AzureDevOpsWorkItemPlan.marks an idea Existing when the WIQL query returns exactly one matching work item" time="0.1816" asserts="0" success="True" result="Success" executed="True" />
                  <test-case description="throws a named ambiguous error when the WIQL query returns more than one matching work item" name="Azure Boards population.Get-AzureDevOpsWorkItemPlan.throws a named ambiguous error when the WIQL query returns more than one matching work item" time="0.2742" asserts="0" success="True" result="Success" executed="True" />
                </results>
              </test-suite>
              <test-suite type="TestFixture" name="Azure Boards population.Initialize-AzureDevOpsWorkItems main body" executed="True" result="Success" success="True" time="2.6307" asserts="0" description="Azure Boards population.Initialize-AzureDevOpsWorkItems main body">
                <results>
                  <test-case description="performs zero mutation under -WhatIf and writes the plan to -PlanOutputPath" name="Azure Boards population.Initialize-AzureDevOpsWorkItems main body.performs zero mutation under -WhatIf and writes the plan to -PlanOutputPath" time="0.1634" asserts="0" success="True" result="Success" executed="True" />
                  <test-case description="creates a work item, adds the Hyperlink relation, and verifies the read-back when not -WhatIf" name="Azure Boards population.Initialize-AzureDevOpsWorkItems main body.creates a work item, adds the Hyperlink relation, and verifies the read-back when not -WhatIf" time="0.1788" asserts="0" success="True" result="Success" executed="True" />
                  <test-case description="throws when the read-back does not match the plan" name="Azure Boards population.Initialize-AzureDevOpsWorkItems main body.throws when the read-back does not match the plan" time="0.099" asserts="0" success="True" result="Success" executed="True" />
                </results>
              </test-suite>
            </results>
          </test-suite>
        </results>
      </test-suite>
      <test-suite type="TestFixture" name="C:\Users\urruegg\Source\urruegg\copilot-worktrees\caldova-hr-frontier\urruegg-studious-guacamole\infra\tests\pester\BicepComposition.Tests.ps1" executed="True" result="Failure" success="False" time="44.0639" asserts="0" description="C:\Users\urruegg\Source\urruegg\copilot-worktrees\caldova-hr-frontier\urruegg-studious-guacamole\infra\tests\pester\BicepComposition.Tests.ps1">
        <results>
          <test-suite type="TestFixture" name="Task 5 Bicep composition" executed="True" result="Failure" success="False" time="43.8976" asserts="0" description="Task 5 Bicep composition">
            <results>
              <test-case description="defines exactly the tracked Task 5 surface before implementation" name="Task 5 Bicep composition.defines exactly the tracked Task 5 surface before implementation" time="0.0773" asserts="0" success="True" result="Success" executed="True" />
              <test-case description="uses a closed typed subscription entry point and the five approved modules without explicit names" name="Task 5 Bicep composition.uses a closed typed subscription entry point and the five approved modules without explicit names" time="0.1234" asserts="0" success="True" result="Success" executed="True" />
              <test-case description="keeps the policy assignment module typed and empty by default" name="Task 5 Bicep composition.keeps the policy assignment module typed and empty by default" time="0.0553" asserts="0" success="True" result="Success" executed="True" />
              <test-case description="builds the main template and keeps resource types on the approved allowlist" name="Task 5 Bicep composition.builds the main template and keeps resource types on the approved allowlist" time="23.6364" asserts="0" success="True" result="Success" executed="True" />
              <test-case description="orders the workspace deployment after the platform resource group" name="Task 5 Bicep composition.orders the workspace deployment after the platform resource group" time="3.7939" asserts="0" success="True" result="Success" executed="True" />
              <test-case description="does not introduce forbidden resource providers or runtime services" name="Task 5 Bicep composition.does not introduce forbidden resource providers or runtime services" time="0.0843" asserts="0" success="True" result="Success" executed="True" />
              <test-case description="pins the reviewed workspace and diagnostics shape in compiled JSON" name="Task 5 Bicep composition.pins the reviewed workspace and diagnostics shape in compiled JSON" time="7.2263" asserts="0" success="True" result="Success" executed="True" />
              <test-case description="pins the reviewed validation role actions without write or delete access" name="Task 5 Bicep composition.pins the reviewed validation role actions without write or delete access" time="3.796" asserts="0" success="True" result="Success" executed="True" />
              <test-case description="generates a BOM-free parameter file in an isolated harness and builds it locally" name="Task 5 Bicep composition.generates a BOM-free parameter file in an isolated harness and builds it locally" time="3.3503" asserts="0" success="False" result="Failure" executed="True">
                <failure>
                  <message>Expected 0, but got 1.</message>
                  <stack-trace>at $result.ExitCode | Should -Be 0, C:\Users\urruegg\Source\urruegg\copilot-worktrees\caldova-hr-frontier\urruegg-studious-guacamole\infra\tests\pester\BicepComposition.Tests.ps1:322
at &lt;ScriptBlock&gt;, C:\Users\urruegg\Source\urruegg\copilot-worktrees\caldova-hr-frontier\urruegg-studious-guacamole\infra\tests\pester\BicepComposition.Tests.ps1:322</stack-trace>
                </failure>
              </test-case>
              <test-case description="rejects invalid generator inputs and overwrite mismatches while allowing identical output" name="Task 5 Bicep composition.rejects invalid generator inputs and overwrite mismatches while allowing identical output" time="1.5355" asserts="0" success="False" result="Failure" executed="True">
                <failure>
                  <message>Expected 0, but got 1.</message>
                  <stack-trace>at $initial.ExitCode | Should -Be 0, C:\Users\urruegg\Source\urruegg\copilot-worktrees\caldova-hr-frontier\urruegg-studious-guacamole\infra\tests\pester\BicepComposition.Tests.ps1:363
at &lt;ScriptBlock&gt;, C:\Users\urruegg\Source\urruegg\copilot-worktrees\caldova-hr-frontier\urruegg-studious-guacamole\infra\tests\pester\BicepComposition.Tests.ps1:363</stack-trace>
                </failure>
              </test-case>
            </results>
          </test-suite>
        </results>
      </test-suite>
      <test-suite type="TestFixture" name="C:\Users\urruegg\Source\urruegg\copilot-worktrees\caldova-hr-frontier\urruegg-studious-guacamole\infra\tests\pester\DiscoveryNormalization.Tests.ps1" executed="True" result="Failure" success="False" time="7.9455" asserts="0" description="C:\Users\urruegg\Source\urruegg\copilot-worktrees\caldova-hr-frontier\urruegg-studious-guacamole\infra\tests\pester\DiscoveryNormalization.Tests.ps1">
        <results>
          <test-suite type="TestFixture" name="Discovery normalization" executed="True" result="Failure" success="False" time="7.7183" asserts="0" description="Discovery normalization">
            <results>
              <test-case description="requires the closed discovery schema file" name="Discovery normalization.requires the closed discovery schema file" time="0.0254" asserts="0" success="True" result="Success" executed="True" />
              <test-case description="normalizes all five discovery services into the canonical allowlisted graph" name="Discovery normalization.normalizes all five discovery services into the canonical allowlisted graph" time="0.9663" asserts="0" success="True" result="Success" executed="True" />
              <test-case description="retries only retryable discovery adapter failures with bounded attempts" name="Discovery normalization.retries only retryable discovery adapter failures with bounded attempts" time="0.1443" asserts="0" success="True" result="Success" executed="True" />
              <test-case description="normalizes a missing GitHub API resource from the included HTTP response" name="Discovery normalization.normalizes a missing GitHub API resource from the included HTTP response" time="0.1103" asserts="0" success="True" result="Success" executed="True" />
              <test-case description="preserves Retry-After from a throttled GitHub API response" name="Discovery normalization.preserves Retry-After from a throttled GitHub API response" time="0.0779" asserts="0" success="True" result="Success" executed="True" />
              <test-case description="marks GitHub discovery Missing when the bootstrap Environment does not exist" name="Discovery normalization.marks GitHub discovery Missing when the bootstrap Environment does not exist" time="0.1103" asserts="0" success="True" result="Success" executed="True" />
              <test-case description="default Entra production request bundle fetches applications, service principals, and federated identity credentials" name="Discovery normalization.default Entra production request bundle fetches applications, service principals, and federated identity credentials" time="0.2132" asserts="0" success="True" result="Success" executed="True" />
              <test-case description="marks Entra discovery Missing for a wrapped empty application collection" name="Discovery normalization.marks Entra discovery Missing for a wrapped empty application collection" time="0.0739" asserts="0" success="True" result="Success" executed="True" />
              <test-case description="default Entra production request bundle queries Graph by reviewed IDs in Existing mode" name="Discovery normalization.default Entra production request bundle queries Graph by reviewed IDs in Existing mode" time="0.0976" asserts="0" success="True" result="Success" executed="True" />
              <test-case description="default Entra production request bundle uses the derived bootstrap display name during initial discovery" name="Discovery normalization.default Entra production request bundle uses the derived bootstrap display name during initial discovery" time="0.0856" asserts="0" success="False" result="Failure" executed="True">
                <failure>
                  <message>Expected regular expression 'displayName%20eq%20'?cal-hr-agentic-bc8rbt-github-bootstrap'?$' to match 'https://graph.microsoft.com/v1.0/applications?$filter=displayName%20eq%20%27cal-hr-agentic-bc8rbt-github-bootstrap%27', but it did not match.</message>
                  <stack-trace>at $url | Should -Match "displayName%20eq%20'?cal-hr-agentic-bc8rbt-github-bootstrap'?$", C:\Users\urruegg\Source\urruegg\copilot-worktrees\caldova-hr-frontier\urruegg-studious-guacamole\infra\tests\pester\DiscoveryNormalization.Tests.ps1:887
at &lt;ScriptBlock&gt;, C:\Users\urruegg\Source\urruegg\copilot-worktrees\caldova-hr-frontier\urruegg-studious-guacamole\infra\tests\pester\DiscoveryNormalization.Tests.ps1:887</stack-trace>
                </failure>
              </test-case>
              <test-case description="default Azure production request bundle fetches subscription identity, resources, role assignments, policy assignments, diagnostic settings, and provider state" name="Discovery normalization.default Azure production request bundle fetches subscription identity, resources, role assignments, policy assignments, diagnostic settings, and provider state" time="0.2859" asserts="0" success="True" result="Success" executed="True" />
              <test-case description="default Azure DevOps production request bundle fetches connection data, project, repositories, service endpoints, environments, pipelines, checks, and effective permissions" name="Discovery normalization.default Azure DevOps production request bundle fetches connection data, project, repositories, service endpoints, environments, pipelines, checks, and effective permissions" time="0.4517" asserts="0" success="True" result="Success" executed="True" />
              <test-case description="skips Azure DevOps check queries when no protected resources exist" name="Discovery normalization.skips Azure DevOps check queries when no protected resources exist" time="0.1038" asserts="0" success="True" result="Success" executed="True" />
              <test-case description="normalizes an empty Azure DevOps count and value wrapper as zero items" name="Discovery normalization.normalizes an empty Azure DevOps count and value wrapper as zero items" time="0.0524" asserts="0" success="True" result="Success" executed="True" />
              <test-case description="marks GitHub discovery ambiguous when the discovered owner id mismatches the reviewed owner id" name="Discovery normalization.marks GitHub discovery ambiguous when the discovered owner id mismatches the reviewed owner id" time="0.0742" asserts="0" success="True" result="Success" executed="True" />
              <test-case description="marks GitHub discovery ambiguous when the discovered repository id mismatches the reviewed repository id" name="Discovery normalization.marks GitHub discovery ambiguous when the discovered repository id mismatches the reviewed repository id" time="0.0438" asserts="0" success="True" result="Success" executed="True" />
              <test-case description="keeps GitHub discovery found only when immutable subject settings and reviewed ids exactly match" name="Discovery normalization.keeps GitHub discovery found only when immutable subject settings and reviewed ids exactly match" time="0.0411" asserts="0" success="True" result="Success" executed="True" />
              <test-case description="requests and normalizes the required Entra discovery surfaces" name="Discovery normalization.requests and normalizes the required Entra discovery surfaces" time="0.0875" asserts="0" success="True" result="Success" executed="True" />
              <test-case description="requests and normalizes the required Azure discovery surfaces" name="Discovery normalization.requests and normalizes the required Azure discovery surfaces" time="0.0696" asserts="0" success="True" result="Success" executed="True" />
              <test-case description="requests and normalizes the required Azure DevOps discovery surfaces" name="Discovery normalization.requests and normalizes the required Azure DevOps discovery surfaces" time="0.1024" asserts="0" success="True" result="Success" executed="True" />
              <test-case description="captures repository size and default branch, distinguishing an empty Azure Repos repository from a populated one" name="Discovery normalization.captures repository size and default branch, distinguishing an empty Azure Repos repository from a populated one" time="0.0959" asserts="0" success="True" result="Success" executed="True" />
              <test-case description="joins ExistingContext Power Platform probes to committed baseline stable ids" name="Discovery normalization.joins ExistingContext Power Platform probes to committed baseline stable ids" time="0.1418" asserts="0" success="False" result="Failure" executed="True">
                <failure>
                  <message>RuntimeException: PowerPlatformProbe.DEV.CollectedUtc must be a canonical UTC round-trip timestamp.</message>
                  <stack-trace>at ConvertFrom-DiscoveryUtcString, C:\Users\urruegg\Source\urruegg\copilot-worktrees\caldova-hr-frontier\urruegg-studious-guacamole\infra\src\scripts\modules\Caldova.HrFrontier.Bootstrap\Private\Invoke-BoundedRetry.ps1:43
at Get-PowerPlatformDiscovery, C:\Users\urruegg\Source\urruegg\copilot-worktrees\caldova-hr-frontier\urruegg-studious-guacamole\infra\src\scripts\modules\Caldova.HrFrontier.Bootstrap\Private\Get-PowerPlatformDiscovery.ps1:200
at &lt;ScriptBlock&gt;, C:\Users\urruegg\Source\urruegg\copilot-worktrees\caldova-hr-frontier\urruegg-studious-guacamole\infra\tests\pester\DiscoveryNormalization.Tests.ps1:1528</stack-trace>
                </failure>
              </test-case>
              <test-case description="interactive Power Platform discovery normalizes the reviewed DEV TEST and PROD environments" name="Discovery normalization.interactive Power Platform discovery normalizes the reviewed DEV TEST and PROD environments" time="0.1211" asserts="0" success="True" result="Success" executed="True" />
              <test-case description="interactive Power Platform discovery returns Missing when a reviewed environment URL is absent" name="Discovery normalization.interactive Power Platform discovery returns Missing when a reviewed environment URL is absent" time="0.0999" asserts="0" success="True" result="Success" executed="True" />
              <test-case description="interactive Power Platform discovery returns Ambiguous when duplicate reviewed candidates are returned" name="Discovery normalization.interactive Power Platform discovery returns Ambiguous when duplicate reviewed candidates are returned" time="0.1054" asserts="0" success="True" result="Success" executed="True" />
              <test-case description="fails ExistingContext entry point before adapters or writes when the observed principal does not match AZURE_CLIENT_ID" name="Discovery normalization.fails ExistingContext entry point before adapters or writes when the observed principal does not match AZURE_CLIENT_ID" time="1.6643" asserts="0" success="False" result="Failure" executed="True">
                <failure>
                  <message>Expected regular expression 'AZURE_CLIENT_ID' to match 'Import-TenantConfiguration : The term 'Import-PowerShellDataFile' is not recognized as the name of a cmdlet, function, 
script file, or operable program. Check the spelling of the name, or if a path was included, verify that the path is 
correct and try again.
At C:\Users\urruegg\AppData\Local\Temp\59bd876b-248b-42c9-bb8e-46d9784de4ed\repo\infra\src\scripts\Invoke-TenantDiscove
ry.ps1:259 char:24
+ ... iguration = Import-TenantConfiguration -Path $tenantManifestPath -Val ...
+                 ~~~~~~~~~~~~~~~~~~~~~~~~~~~~~~~~~~~~~~~~~~~~~~~~~~~~~~~~~
    + CategoryInfo          : ObjectNotFound: (Import-PowerShellDataFile:String) [Import-TenantConfiguration], Command 
   NotFoundException
    + FullyQualifiedErrorId : CommandNotFoundException,Import-TenantConfiguration
 
', but it did not match.</message>
                  <stack-trace>at $result.StdErr | Should -Match 'AZURE_CLIENT_ID', C:\Users\urruegg\Source\urruegg\copilot-worktrees\caldova-hr-frontier\urruegg-studious-guacamole\infra\tests\pester\DiscoveryNormalization.Tests.ps1:1656
at &lt;ScriptBlock&gt;, C:\Users\urruegg\Source\urruegg\copilot-worktrees\caldova-hr-frontier\urruegg-studious-guacamole\infra\tests\pester\DiscoveryNormalization.Tests.ps1:1656</stack-trace>
                </failure>
              </test-case>
              <test-case description="requires baseline evidence and a probe file for ExistingContext entry point and enforces temp-only output and overwrite refusal" name="Discovery normalization.requires baseline evidence and a probe file for ExistingContext entry point and enforces temp-only output and overwrite refusal" time="1.7016" asserts="0" success="False" result="Failure" executed="True">
                <failure>
                  <message>Expected regular expression 'baseline' to match 'Import-TenantConfiguration : The term 'Import-PowerShellDataFile' is not recognized as the name of a cmdlet, function, 
script file, or operable program. Check the spelling of the name, or if a path was included, verify that the path is 
correct and try again.
At C:\Users\urruegg\AppData\Local\Temp\14d9eb87-ec3c-4592-b656-538ed8d0bae8\repo\infra\src\scripts\Invoke-TenantDiscove
ry.ps1:259 char:24
+ ... iguration = Import-TenantConfiguration -Path $tenantManifestPath -Val ...
+                 ~~~~~~~~~~~~~~~~~~~~~~~~~~~~~~~~~~~~~~~~~~~~~~~~~~~~~~~~~
    + CategoryInfo          : ObjectNotFound: (Import-PowerShellDataFile:String) [Import-TenantConfiguration], Command 
   NotFoundException
    + FullyQualifiedErrorId : CommandNotFoundException,Import-TenantConfiguration
 
', but it did not match.</message>
                  <stack-trace>at $missingBaseline.StdErr | Should -Match 'baseline', C:\Users\urruegg\Source\urruegg\copilot-worktrees\caldova-hr-frontier\urruegg-studious-guacamole\infra\tests\pester\DiscoveryNormalization.Tests.ps1:1680
at &lt;ScriptBlock&gt;, C:\Users\urruegg\Source\urruegg\copilot-worktrees\caldova-hr-frontier\urruegg-studious-guacamole\infra\tests\pester\DiscoveryNormalization.Tests.ps1:1680</stack-trace>
                </failure>
              </test-case>
              <test-case description="accepts the reviewed administrator UPN casing and records the stable user object id" name="Discovery normalization.accepts the reviewed administrator UPN casing and records the stable user object id" time="0.1297" asserts="0" success="True" result="Success" executed="True" />
              <test-suite type="ParameterizedTest" name="Discovery normalization.marks GitHub discovery ambiguous for false or string OIDC flags" executed="True" result="Success" success="True" time="0.1029" asserts="0" description="marks GitHub discovery ambiguous for false or string OIDC flags">
                <results>
                  <test-case description="marks GitHub discovery ambiguous for false or string OIDC flags" name="Discovery normalization.marks GitHub discovery ambiguous for false or string OIDC flags(False,True)" time="0.0642" asserts="0" success="True" result="Success" executed="True" />
                  <test-case description="marks GitHub discovery ambiguous for false or string OIDC flags" name="Discovery normalization.marks GitHub discovery ambiguous for false or string OIDC flags(True,False)" time="0.012" asserts="0" success="True" result="Success" executed="True" />
                  <test-case description="marks GitHub discovery ambiguous for false or string OIDC flags" name="Discovery normalization.marks GitHub discovery ambiguous for false or string OIDC flags(&quot;false&quot;,True)" time="0.0188" asserts="0" success="True" result="Success" executed="True" />
                  <test-case description="marks GitHub discovery ambiguous for false or string OIDC flags" name="Discovery normalization.marks GitHub discovery ambiguous for false or string OIDC flags(True,&quot;false&quot;)" time="0.0078" asserts="0" success="True" result="Success" executed="True" />
                </results>
              </test-suite>
            </results>
          </test-suite>
        </results>
      </test-suite>
      <test-suite type="TestFixture" name="C:\Users\urruegg\Source\urruegg\copilot-worktrees\caldova-hr-frontier\urruegg-studious-guacamole\infra\tests\pester\EvidenceGate.Tests.ps1" executed="True" result="Success" success="True" time="0.6869" asserts="0" description="C:\Users\urruegg\Source\urruegg\copilot-worktrees\caldova-hr-frontier\urruegg-studious-guacamole\infra\tests\pester\EvidenceGate.Tests.ps1">
        <results>
          <test-suite type="TestFixture" name="Discovery evidence gate" executed="True" result="Success" success="True" time="0.5231" asserts="0" description="Discovery evidence gate">
            <results>
              <test-case description="accepts complete recent evidence with Found and Missing outcomes only" name="Discovery evidence gate.accepts complete recent evidence with Found and Missing outcomes only" time="0.049" asserts="0" success="True" result="Success" executed="True" />
              <test-case description="rejects evidence older than 24 hours" name="Discovery evidence gate.rejects evidence older than 24 hours" time="0.0503" asserts="0" success="True" result="Success" executed="True" />
              <test-case description="rejects mixed service run identifiers" name="Discovery evidence gate.rejects mixed service run identifiers" time="0.034" asserts="0" success="True" result="Success" executed="True" />
              <test-case description="rejects required services with unauthorized unavailable or ambiguous status" name="Discovery evidence gate.rejects required services with unauthorized unavailable or ambiguous status" time="0.0508" asserts="0" success="True" result="Success" executed="True" />
              <test-case description="accepts committed baseline evidence shape when authorization freshness is skipped for ExistingContext joins" name="Discovery evidence gate.accepts committed baseline evidence shape when authorization freshness is skipped for ExistingContext joins" time="0.0599" asserts="0" success="True" result="Success" executed="True" />
            </results>
          </test-suite>
        </results>
      </test-suite>
      <test-suite type="TestFixture" name="C:\Users\urruegg\Source\urruegg\copilot-worktrees\caldova-hr-frontier\urruegg-studious-guacamole\infra\tests\pester\EvidenceSecurity.Tests.ps1" executed="True" result="Success" success="True" time="0.7169" asserts="0" description="C:\Users\urruegg\Source\urruegg\copilot-worktrees\caldova-hr-frontier\urruegg-studious-guacamole\infra\tests\pester\EvidenceSecurity.Tests.ps1">
        <results>
          <test-suite type="TestFixture" name="Discovery evidence security" executed="True" result="Success" success="True" time="0.5403" asserts="0" description="Discovery evidence security">
            <results>
              <test-case description="strips prohibited fields and values from normalized evidence" name="Discovery evidence security.strips prohibited fields and values from normalized evidence" time="0.2575" asserts="0" success="True" result="Success" executed="True" />
              <test-case description="permits the reviewed email only at the exact Principal.Upn path" name="Discovery evidence security.permits the reviewed email only at the exact Principal.Upn path" time="0.0585" asserts="0" success="True" result="Success" executed="True" />
            </results>
          </test-suite>
        </results>
      </test-suite>
      <test-suite type="TestFixture" name="C:\Users\urruegg\Source\urruegg\copilot-worktrees\caldova-hr-frontier\urruegg-studious-guacamole\infra\tests\pester\GitHubGovernance.Tests.ps1" executed="True" result="Failure" success="False" time="10.0662" asserts="0" description="C:\Users\urruegg\Source\urruegg\copilot-worktrees\caldova-hr-frontier\urruegg-studious-guacamole\infra\tests\pester\GitHubGovernance.Tests.ps1">
        <results>
          <test-suite type="TestFixture" name="Final GitHub governance activation" executed="True" result="Failure" success="False" time="9.8283" asserts="0" description="Final GitHub governance activation">
            <results>
              <test-case description="ships the exact reviewed desired state and a recursively closed Draft 2020-12 schema" name="Final GitHub governance activation.ships the exact reviewed desired state and a recursively closed Draft 2020-12 schema" time="0.2357" asserts="0" success="True" result="Success" executed="True" />
              <test-case description="captures real native stderr and exit code under Stop semantics" name="Final GitHub governance activation.captures real native stderr and exit code under Stop semantics" time="0.3452" asserts="0" success="True" result="Success" executed="True" />
              <test-case description="rejects ambient function commands at the production native boundary" name="Final GitHub governance activation.rejects ambient function commands at the production native boundary" time="0.3812" asserts="0" success="True" result="Success" executed="True" />
              <test-case description="captures the production invocation cmdlet for the ShouldProcess callback" name="Final GitHub governance activation.captures the production invocation cmdlet for the ShouldProcess callback" time="0.0324" asserts="0" success="True" result="Success" executed="True" />
              <test-case description="returns the exact create proposal under WhatIf and performs zero mutation calls" name="Final GitHub governance activation.returns the exact create proposal under WhatIf and performs zero mutation calls" time="0.2566" asserts="0" success="False" result="Failure" executed="True">
                <failure>
                  <message>RuntimeException: Bootstrap evidence VerifiedUtc must be a timestamp string.</message>
                  <stack-trace>at Test-CurrentTimestamp, &lt;No file&gt;:8
at Assert-BootstrapEvidence, &lt;No file&gt;:19
at Invoke-GitHubGovernanceCore, &lt;No file&gt;:36
at script:Invoke-TestGovernance, C:\Users\urruegg\Source\urruegg\copilot-worktrees\caldova-hr-frontier\urruegg-studious-guacamole\infra\tests\pester\GitHubGovernance.Tests.ps1:519
at &lt;ScriptBlock&gt;, C:\Users\urruegg\Source\urruegg\copilot-worktrees\caldova-hr-frontier\urruegg-studious-guacamole\infra\tests\pester\GitHubGovernance.Tests.ps1:717</stack-trace>
                </failure>
              </test-case>
              <test-case description="removes the current-main manifest temporary file under WhatIf" name="Final GitHub governance activation.removes the current-main manifest temporary file under WhatIf" time="0.0665" asserts="0" success="False" result="Failure" executed="True">
                <failure>
                  <message>RuntimeException: Bootstrap evidence VerifiedUtc must be a timestamp string.</message>
                  <stack-trace>at Test-CurrentTimestamp, &lt;No file&gt;:8
at Assert-BootstrapEvidence, &lt;No file&gt;:19
at Invoke-GitHubGovernanceCore, &lt;No file&gt;:36
at script:Invoke-TestGovernance, C:\Users\urruegg\Source\urruegg\copilot-worktrees\caldova-hr-frontier\urruegg-studious-guacamole\infra\tests\pester\GitHubGovernance.Tests.ps1:519
at &lt;ScriptBlock&gt;, C:\Users\urruegg\Source\urruegg\copilot-worktrees\caldova-hr-frontier\urruegg-studious-guacamole\infra\tests\pester\GitHubGovernance.Tests.ps1:753</stack-trace>
                </failure>
              </test-case>
              <test-case description="creates the absent ruleset with one exact BOM-free POST body and verifies read-back" name="Final GitHub governance activation.creates the absent ruleset with one exact BOM-free POST body and verifies read-back" time="0.0517" asserts="0" success="False" result="Failure" executed="True">
                <failure>
                  <message>RuntimeException: Bootstrap evidence VerifiedUtc must be a timestamp string.</message>
                  <stack-trace>at Test-CurrentTimestamp, &lt;No file&gt;:8
at Assert-BootstrapEvidence, &lt;No file&gt;:19
at Invoke-GitHubGovernanceCore, &lt;No file&gt;:36
at script:Invoke-TestGovernance, C:\Users\urruegg\Source\urruegg\copilot-worktrees\caldova-hr-frontier\urruegg-studious-guacamole\infra\tests\pester\GitHubGovernance.Tests.ps1:519
at &lt;ScriptBlock&gt;, C:\Users\urruegg\Source\urruegg\copilot-worktrees\caldova-hr-frontier\urruegg-studious-guacamole\infra\tests\pester\GitHubGovernance.Tests.ps1:768</stack-trace>
                </failure>
              </test-case>
              <test-case description="updates one drifted repository ruleset with PUT and no other mutation method" name="Final GitHub governance activation.updates one drifted repository ruleset with PUT and no other mutation method" time="0.0791" asserts="0" success="False" result="Failure" executed="True">
                <failure>
                  <message>RuntimeException: Bootstrap evidence VerifiedUtc must be a timestamp string.</message>
                  <stack-trace>at Test-CurrentTimestamp, &lt;No file&gt;:8
at Assert-BootstrapEvidence, &lt;No file&gt;:19
at Invoke-GitHubGovernanceCore, &lt;No file&gt;:36
at script:Invoke-TestGovernance, C:\Users\urruegg\Source\urruegg\copilot-worktrees\caldova-hr-frontier\urruegg-studious-guacamole\infra\tests\pester\GitHubGovernance.Tests.ps1:519
at &lt;ScriptBlock&gt;, C:\Users\urruegg\Source\urruegg\copilot-worktrees\caldova-hr-frontier\urruegg-studious-guacamole\infra\tests\pester\GitHubGovernance.Tests.ps1:791</stack-trace>
                </failure>
              </test-case>
              <test-case description="is idempotent when the detailed ruleset and Environment contract are already exact" name="Final GitHub governance activation.is idempotent when the detailed ruleset and Environment contract are already exact" time="0.0776" asserts="0" success="False" result="Failure" executed="True">
                <failure>
                  <message>RuntimeException: Bootstrap evidence VerifiedUtc must be a timestamp string.</message>
                  <stack-trace>at Test-CurrentTimestamp, &lt;No file&gt;:8
at Assert-BootstrapEvidence, &lt;No file&gt;:19
at Invoke-GitHubGovernanceCore, &lt;No file&gt;:36
at script:Invoke-TestGovernance, C:\Users\urruegg\Source\urruegg\copilot-worktrees\caldova-hr-frontier\urruegg-studious-guacamole\infra\tests\pester\GitHubGovernance.Tests.ps1:519
at &lt;ScriptBlock&gt;, C:\Users\urruegg\Source\urruegg\copilot-worktrees\caldova-hr-frontier\urruegg-studious-guacamole\infra\tests\pester\GitHubGovernance.Tests.ps1:807</stack-trace>
                </failure>
              </test-case>
              <test-case description="fails after mutation when detailed ruleset read-back still drifts" name="Final GitHub governance activation.fails after mutation when detailed ruleset read-back still drifts" time="0.0848" asserts="0" success="False" result="Failure" executed="True">
                <failure>
                  <message>Expected an exception with message like '*ruleset read-back*' to be thrown, but the message was 'Bootstrap evidence VerifiedUtc must be a timestamp string.'. from line:8 char:9
    +         throw "$Context must be a timestamp string."
    +         ~~~~~~~~~~~~~~~~~~~~~~~~~~~~~~~~~~~~~~~~~~~~</message>
                  <stack-trace>at { Invoke-TestGovernance -Harness $harness -EvidencePath $evidencePath } | Should -Throw '*ruleset read-back*', C:\Users\urruegg\Source\urruegg\copilot-worktrees\caldova-hr-frontier\urruegg-studious-guacamole\infra\tests\pester\GitHubGovernance.Tests.ps1:821
at &lt;ScriptBlock&gt;, C:\Users\urruegg\Source\urruegg\copilot-worktrees\caldova-hr-frontier\urruegg-studious-guacamole\infra\tests\pester\GitHubGovernance.Tests.ps1:821</stack-trace>
                </failure>
              </test-case>
              <test-case description="fails after mutation when another active ruleset concurrently targets main" name="Final GitHub governance activation.fails after mutation when another active ruleset concurrently targets main" time="0.0684" asserts="0" success="False" result="Failure" executed="True">
                <failure>
                  <message>Expected an exception with message like '*additional active*main*' to be thrown, but the message was 'Bootstrap evidence VerifiedUtc must be a timestamp string.'. from line:8 char:9
    +         throw "$Context must be a timestamp string."
    +         ~~~~~~~~~~~~~~~~~~~~~~~~~~~~~~~~~~~~~~~~~~~~</message>
                  <stack-trace>at { Invoke-TestGovernance -Harness $harness -EvidencePath $evidencePath } | Should -Throw '*additional active*main*', C:\Users\urruegg\Source\urruegg\copilot-worktrees\caldova-hr-frontier\urruegg-studious-guacamole\infra\tests\pester\GitHubGovernance.Tests.ps1:837
at &lt;ScriptBlock&gt;, C:\Users\urruegg\Source\urruegg\copilot-worktrees\caldova-hr-frontier\urruegg-studious-guacamole\infra\tests\pester\GitHubGovernance.Tests.ps1:837</stack-trace>
                </failure>
              </test-case>
              <test-case description="fails after mutation when the reviewed Environment concurrently drifts" name="Final GitHub governance activation.fails after mutation when the reviewed Environment concurrently drifts" time="0.0585" asserts="0" success="False" result="Failure" executed="True">
                <failure>
                  <message>Expected an exception with message like '*Environment*' to be thrown, but the message was 'Bootstrap evidence VerifiedUtc must be a timestamp string.'. from line:8 char:9
    +         throw "$Context must be a timestamp string."
    +         ~~~~~~~~~~~~~~~~~~~~~~~~~~~~~~~~~~~~~~~~~~~~</message>
                  <stack-trace>at { Invoke-TestGovernance -Harness $harness -EvidencePath $evidencePath } | Should -Throw '*Environment*', C:\Users\urruegg\Source\urruegg\copilot-worktrees\caldova-hr-frontier\urruegg-studious-guacamole\infra\tests\pester\GitHubGovernance.Tests.ps1:850
at &lt;ScriptBlock&gt;, C:\Users\urruegg\Source\urruegg\copilot-worktrees\caldova-hr-frontier\urruegg-studious-guacamole\infra\tests\pester\GitHubGovernance.Tests.ps1:850</stack-trace>
                </failure>
              </test-case>
              <test-case description="accepts Environment variables in any API response order" name="Final GitHub governance activation.accepts Environment variables in any API response order" time="0.0629" asserts="0" success="False" result="Failure" executed="True">
                <failure>
                  <message>RuntimeException: Bootstrap evidence VerifiedUtc must be a timestamp string.</message>
                  <stack-trace>at Test-CurrentTimestamp, &lt;No file&gt;:8
at Assert-BootstrapEvidence, &lt;No file&gt;:19
at Invoke-GitHubGovernanceCore, &lt;No file&gt;:36
at script:Invoke-TestGovernance, C:\Users\urruegg\Source\urruegg\copilot-worktrees\caldova-hr-frontier\urruegg-studious-guacamole\infra\tests\pester\GitHubGovernance.Tests.ps1:519
at &lt;ScriptBlock&gt;, C:\Users\urruegg\Source\urruegg\copilot-worktrees\caldova-hr-frontier\urruegg-studious-guacamole\infra\tests\pester\GitHubGovernance.Tests.ps1:860</stack-trace>
                </failure>
              </test-case>
              <test-case description="rejects an additional Environment protection rule" name="Final GitHub governance activation.rejects an additional Environment protection rule" time="0.0439" asserts="0" success="False" result="Failure" executed="True">
                <failure>
                  <message>Expected an exception with message like '*protection*' to be thrown, but the message was 'Bootstrap evidence VerifiedUtc must be a timestamp string.'. from line:8 char:9
    +         throw "$Context must be a timestamp string."
    +         ~~~~~~~~~~~~~~~~~~~~~~~~~~~~~~~~~~~~~~~~~~~~</message>
                  <stack-trace>at { Invoke-TestGovernance -Harness $harness -EvidencePath $evidencePath -WhatIf } | Should -Throw '*protection*', C:\Users\urruegg\Source\urruegg\copilot-worktrees\caldova-hr-frontier\urruegg-studious-guacamole\infra\tests\pester\GitHubGovernance.Tests.ps1:886
at &lt;ScriptBlock&gt;, C:\Users\urruegg\Source\urruegg\copilot-worktrees\caldova-hr-frontier\urruegg-studious-guacamole\infra\tests\pester\GitHubGovernance.Tests.ps1:886</stack-trace>
                </failure>
              </test-case>
              <test-case description="does not disclose access-token output when token acquisition fails" name="Final GitHub governance activation.does not disclose access-token output when token acquisition fails" time="0.0672" asserts="0" success="False" result="Failure" executed="True">
                <failure>
                  <message>Expected regular expression 'access token command failed' to match 'Bootstrap evidence VerifiedUtc must be a timestamp string.', but it did not match.</message>
                  <stack-trace>at $message | Should -Match 'access token command failed', C:\Users\urruegg\Source\urruegg\copilot-worktrees\caldova-hr-frontier\urruegg-studious-guacamole\infra\tests\pester\GitHubGovernance.Tests.ps1:922
at &lt;ScriptBlock&gt;, C:\Users\urruegg\Source\urruegg\copilot-worktrees\caldova-hr-frontier\urruegg-studious-guacamole\infra\tests\pester\GitHubGovernance.Tests.ps1:922</stack-trace>
                </failure>
              </test-case>
              <test-case description="rejects cleanup evidence for a different service principal" name="Final GitHub governance activation.rejects cleanup evidence for a different service principal" time="0.0831" asserts="0" success="False" result="Failure" executed="True">
                <failure>
                  <message>Expected an exception with message like '*service principal object*' to be thrown, but the message was 'Bootstrap evidence VerifiedUtc must be a timestamp string.'. from line:8 char:9
    +         throw "$Context must be a timestamp string."
    +         ~~~~~~~~~~~~~~~~~~~~~~~~~~~~~~~~~~~~~~~~~~~~</message>
                  <stack-trace>at { Invoke-TestGovernance -Harness $harness -EvidencePath $evidencePath -WhatIf } | Should -Throw '*service principal object*', C:\Users\urruegg\Source\urruegg\copilot-worktrees\caldova-hr-frontier\urruegg-studious-guacamole\infra\tests\pester\GitHubGovernance.Tests.ps1:937
at &lt;ScriptBlock&gt;, C:\Users\urruegg\Source\urruegg\copilot-worktrees\caldova-hr-frontier\urruegg-studious-guacamole\infra\tests\pester\GitHubGovernance.Tests.ps1:937</stack-trace>
                </failure>
              </test-case>
              <test-case description="rejects an exact evidence assignment id reused for a different principal" name="Final GitHub governance activation.rejects an exact evidence assignment id reused for a different principal" time="0.0587" asserts="0" success="False" result="Failure" executed="True">
                <failure>
                  <message>Expected an exception with message like '*exact bootstrap evidence assignment*' to be thrown, but the message was 'Bootstrap evidence VerifiedUtc must be a timestamp string.'. from line:8 char:9
    +         throw "$Context must be a timestamp string."
    +         ~~~~~~~~~~~~~~~~~~~~~~~~~~~~~~~~~~~~~~~~~~~~</message>
                  <stack-trace>at { Invoke-TestGovernance -Harness $harness -EvidencePath $evidencePath -WhatIf } | Should -Throw '*exact bootstrap evidence assignment*', C:\Users\urruegg\Source\urruegg\copilot-worktrees\caldova-hr-frontier\urruegg-studious-guacamole\infra\tests\pester\GitHubGovernance.Tests.ps1:977
at &lt;ScriptBlock&gt;, C:\Users\urruegg\Source\urruegg\copilot-worktrees\caldova-hr-frontier\urruegg-studious-guacamole\infra\tests\pester\GitHubGovernance.Tests.ps1:977</stack-trace>
                </failure>
              </test-case>
              <test-case description="rejects a duplicate desired ruleset name before any native command" name="Final GitHub governance activation.rejects a duplicate desired ruleset name before any native command" time="0.0666" asserts="0" success="True" result="Success" executed="True" />
              <test-case description="rejects ambiguous repository-source ruleset matches without mutation" name="Final GitHub governance activation.rejects ambiguous repository-source ruleset matches without mutation" time="0.0504" asserts="0" success="False" result="Failure" executed="True">
                <failure>
                  <message>Expected an exception with message like '*ambiguous*ruleset*' to be thrown, but the message was 'Bootstrap evidence VerifiedUtc must be a timestamp string.'. from line:8 char:9
    +         throw "$Context must be a timestamp string."
    +         ~~~~~~~~~~~~~~~~~~~~~~~~~~~~~~~~~~~~~~~~~~~~</message>
                  <stack-trace>at { Invoke-TestGovernance -Harness $harness -EvidencePath $evidencePath -WhatIf } | Should -Throw '*ambiguous*ruleset*', C:\Users\urruegg\Source\urruegg\copilot-worktrees\caldova-hr-frontier\urruegg-studious-guacamole\infra\tests\pester\GitHubGovernance.Tests.ps1:1017
at &lt;ScriptBlock&gt;, C:\Users\urruegg\Source\urruegg\copilot-worktrees\caldova-hr-frontier\urruegg-studious-guacamole\infra\tests\pester\GitHubGovernance.Tests.ps1:1017</stack-trace>
                </failure>
              </test-case>
              <test-case description="rejects a duplicate desired ruleset found on a later API page" name="Final GitHub governance activation.rejects a duplicate desired ruleset found on a later API page" time="0.0778" asserts="0" success="False" result="Failure" executed="True">
                <failure>
                  <message>Expected an exception with message like '*ambiguous*ruleset*' to be thrown, but the message was 'Bootstrap evidence VerifiedUtc must be a timestamp string.'. from line:8 char:9
    +         throw "$Context must be a timestamp string."
    +         ~~~~~~~~~~~~~~~~~~~~~~~~~~~~~~~~~~~~~~~~~~~~</message>
                  <stack-trace>at { Invoke-TestGovernance -Harness $harness -EvidencePath $evidencePath -WhatIf } | Should -Throw '*ambiguous*ruleset*', C:\Users\urruegg\Source\urruegg\copilot-worktrees\caldova-hr-frontier\urruegg-studious-guacamole\infra\tests\pester\GitHubGovernance.Tests.ps1:1034
at &lt;ScriptBlock&gt;, C:\Users\urruegg\Source\urruegg\copilot-worktrees\caldova-hr-frontier\urruegg-studious-guacamole\infra\tests\pester\GitHubGovernance.Tests.ps1:1034</stack-trace>
                </failure>
              </test-case>
              <test-case description="rejects a differently named active ruleset that also applies to main" name="Final GitHub governance activation.rejects a differently named active ruleset that also applies to main" time="0.0779" asserts="0" success="False" result="Failure" executed="True">
                <failure>
                  <message>Expected an exception with message like '*additional active*main*' to be thrown, but the message was 'Bootstrap evidence VerifiedUtc must be a timestamp string.'. from line:8 char:9
    +         throw "$Context must be a timestamp string."
    +         ~~~~~~~~~~~~~~~~~~~~~~~~~~~~~~~~~~~~~~~~~~~~</message>
                  <stack-trace>at { Invoke-TestGovernance -Harness $harness -EvidencePath $evidencePath -WhatIf } | Should -Throw '*additional active*main*', C:\Users\urruegg\Source\urruegg\copilot-worktrees\caldova-hr-frontier\urruegg-studious-guacamole\infra\tests\pester\GitHubGovernance.Tests.ps1:1049
at &lt;ScriptBlock&gt;, C:\Users\urruegg\Source\urruegg\copilot-worktrees\caldova-hr-frontier\urruegg-studious-guacamole\infra\tests\pester\GitHubGovernance.Tests.ps1:1049</stack-trace>
                </failure>
              </test-case>
              <test-case description="does not let a non-component globstar exclusion hide a main-applicable ruleset" name="Final GitHub governance activation.does not let a non-component globstar exclusion hide a main-applicable ruleset" time="0.0601" asserts="0" success="False" result="Failure" executed="True">
                <failure>
                  <message>Expected an exception with message like '*additional active*main*' to be thrown, but the message was 'Bootstrap evidence VerifiedUtc must be a timestamp string.'. from line:8 char:9
    +         throw "$Context must be a timestamp string."
    +         ~~~~~~~~~~~~~~~~~~~~~~~~~~~~~~~~~~~~~~~~~~~~</message>
                  <stack-trace>at { Invoke-TestGovernance -Harness $harness -EvidencePath $evidencePath -WhatIf } | Should -Throw '*additional active*main*', C:\Users\urruegg\Source\urruegg\copilot-worktrees\caldova-hr-frontier\urruegg-studious-guacamole\infra\tests\pester\GitHubGovernance.Tests.ps1:1099
at &lt;ScriptBlock&gt;, C:\Users\urruegg\Source\urruegg\copilot-worktrees\caldova-hr-frontier\urruegg-studious-guacamole\infra\tests\pester\GitHubGovernance.Tests.ps1:1099</stack-trace>
                </failure>
              </test-case>
              <test-case description="binds the default-branch special token to exact live repository metadata" name="Final GitHub governance activation.binds the default-branch special token to exact live repository metadata" time="0.0515" asserts="0" success="False" result="Failure" executed="True">
                <failure>
                  <message>RuntimeException: Bootstrap evidence VerifiedUtc must be a timestamp string.</message>
                  <stack-trace>at Test-CurrentTimestamp, &lt;No file&gt;:8
at Assert-BootstrapEvidence, &lt;No file&gt;:19
at Invoke-GitHubGovernanceCore, &lt;No file&gt;:36
at script:Invoke-TestGovernance, C:\Users\urruegg\Source\urruegg\copilot-worktrees\caldova-hr-frontier\urruegg-studious-guacamole\infra\tests\pester\GitHubGovernance.Tests.ps1:519
at &lt;ScriptBlock&gt;, C:\Users\urruegg\Source\urruegg\copilot-worktrees\caldova-hr-frontier\urruegg-studious-guacamole\infra\tests\pester\GitHubGovernance.Tests.ps1:1110</stack-trace>
                </failure>
              </test-case>
              <test-case description="rejects a desired-name match from a non-repository source" name="Final GitHub governance activation.rejects a desired-name match from a non-repository source" time="0.0574" asserts="0" success="False" result="Failure" executed="True">
                <failure>
                  <message>Expected an exception with message like '*repository source*' to be thrown, but the message was 'Bootstrap evidence VerifiedUtc must be a timestamp string.'. from line:8 char:9
    +         throw "$Context must be a timestamp string."
    +         ~~~~~~~~~~~~~~~~~~~~~~~~~~~~~~~~~~~~~~~~~~~~</message>
                  <stack-trace>at { Invoke-TestGovernance -Harness $harness -EvidencePath $evidencePath -WhatIf } | Should -Throw '*repository source*', C:\Users\urruegg\Source\urruegg\copilot-worktrees\caldova-hr-frontier\urruegg-studious-guacamole\infra\tests\pester\GitHubGovernance.Tests.ps1:1139
at &lt;ScriptBlock&gt;, C:\Users\urruegg\Source\urruegg\copilot-worktrees\caldova-hr-frontier\urruegg-studious-guacamole\infra\tests\pester\GitHubGovernance.Tests.ps1:1139</stack-trace>
                </failure>
              </test-case>
              <test-case description="rejects bootstrap cleanup evidence from a different main commit" name="Final GitHub governance activation.rejects bootstrap cleanup evidence from a different main commit" time="0.0542" asserts="0" success="False" result="Failure" executed="True">
                <failure>
                  <message>Expected an exception with message like '*evidence HeadSha*current main*' to be thrown, but the message was 'Bootstrap evidence VerifiedUtc must be a timestamp string.'. from line:8 char:9
    +         throw "$Context must be a timestamp string."
    +         ~~~~~~~~~~~~~~~~~~~~~~~~~~~~~~~~~~~~~~~~~~~~</message>
                  <stack-trace>at { Invoke-TestGovernance -Harness $harness -EvidencePath $evidencePath -WhatIf } | Should -Throw '*evidence HeadSha*current main*', C:\Users\urruegg\Source\urruegg\copilot-worktrees\caldova-hr-frontier\urruegg-studious-guacamole\infra\tests\pester\GitHubGovernance.Tests.ps1:1234
at &lt;ScriptBlock&gt;, C:\Users\urruegg\Source\urruegg\copilot-worktrees\caldova-hr-frontier\urruegg-studious-guacamole\infra\tests\pester\GitHubGovernance.Tests.ps1:1234</stack-trace>
                </failure>
              </test-case>
              <test-case description="rejects a reviewed service principal mismatch in the exact current-main manifest" name="Final GitHub governance activation.rejects a reviewed service principal mismatch in the exact current-main manifest" time="0.0586" asserts="0" success="False" result="Failure" executed="True">
                <failure>
                  <message>Expected an exception with message like '*reviewed service principal object*' to be thrown, but the message was 'Bootstrap evidence VerifiedUtc must be a timestamp string.'. from line:8 char:9
    +         throw "$Context must be a timestamp string."
    +         ~~~~~~~~~~~~~~~~~~~~~~~~~~~~~~~~~~~~~~~~~~~~</message>
                  <stack-trace>at { Invoke-TestGovernance -Harness $harness -EvidencePath $evidencePath -WhatIf } | Should -Throw '*reviewed service principal object*', C:\Users\urruegg\Source\urruegg\copilot-worktrees\caldova-hr-frontier\urruegg-studious-guacamole\infra\tests\pester\GitHubGovernance.Tests.ps1:1244
at &lt;ScriptBlock&gt;, C:\Users\urruegg\Source\urruegg\copilot-worktrees\caldova-hr-frontier\urruegg-studious-guacamole\infra\tests\pester\GitHubGovernance.Tests.ps1:1244</stack-trace>
                </failure>
              </test-case>
              <test-case description="never permits an injected native runner to reach a ruleset mutation" name="Final GitHub governance activation.never permits an injected native runner to reach a ruleset mutation" time="0.1917" asserts="0" success="True" result="Success" executed="True" />
              <test-case description="rejects current-main movement during the approval window" name="Final GitHub governance activation.rejects current-main movement during the approval window" time="0.0544" asserts="0" success="False" result="Failure" executed="True">
                <failure>
                  <message>Expected an exception with message like '*current main*changed*approval*' to be thrown, but the message was 'Bootstrap evidence VerifiedUtc must be a timestamp string.'. from line:8 char:9
    +         throw "$Context must be a timestamp string."
    +         ~~~~~~~~~~~~~~~~~~~~~~~~~~~~~~~~~~~~~~~~~~~~</message>
                  <stack-trace>at { Invoke-TestGovernance -Harness $harness -EvidencePath $evidencePath } | Should -Throw '*current main*changed*approval*', C:\Users\urruegg\Source\urruegg\copilot-worktrees\caldova-hr-frontier\urruegg-studious-guacamole\infra\tests\pester\GitHubGovernance.Tests.ps1:1276
at &lt;ScriptBlock&gt;, C:\Users\urruegg\Source\urruegg\copilot-worktrees\caldova-hr-frontier\urruegg-studious-guacamole\infra\tests\pester\GitHubGovernance.Tests.ps1:1276</stack-trace>
                </failure>
              </test-case>
              <test-case description="rejects Environment drift during the approval window" name="Final GitHub governance activation.rejects Environment drift during the approval window" time="0.0619" asserts="0" success="False" result="Failure" executed="True">
                <failure>
                  <message>Expected an exception with message like '*Environment client id changed*' to be thrown, but the message was 'Bootstrap evidence VerifiedUtc must be a timestamp string.'. from line:8 char:9
    +         throw "$Context must be a timestamp string."
    +         ~~~~~~~~~~~~~~~~~~~~~~~~~~~~~~~~~~~~~~~~~~~~</message>
                  <stack-trace>at { Invoke-TestGovernance -Harness $harness -EvidencePath $evidencePath } | Should -Throw '*Environment client id changed*', C:\Users\urruegg\Source\urruegg\copilot-worktrees\caldova-hr-frontier\urruegg-studious-guacamole\infra\tests\pester\GitHubGovernance.Tests.ps1:1289
at &lt;ScriptBlock&gt;, C:\Users\urruegg\Source\urruegg\copilot-worktrees\caldova-hr-frontier\urruegg-studious-guacamole\infra\tests\pester\GitHubGovernance.Tests.ps1:1289</stack-trace>
                </failure>
              </test-case>
              <test-case description="rejects a temporary role re-grant during the approval window" name="Final GitHub governance activation.rejects a temporary role re-grant during the approval window" time="0.0613" asserts="0" success="False" result="Failure" executed="True">
                <failure>
                  <message>Expected an exception with message like '*temporary Azure role*' to be thrown, but the message was 'Bootstrap evidence VerifiedUtc must be a timestamp string.'. from line:8 char:9
    +         throw "$Context must be a timestamp string."
    +         ~~~~~~~~~~~~~~~~~~~~~~~~~~~~~~~~~~~~~~~~~~~~</message>
                  <stack-trace>at { Invoke-TestGovernance -Harness $harness -EvidencePath $evidencePath } | Should -Throw '*temporary Azure role*', C:\Users\urruegg\Source\urruegg\copilot-worktrees\caldova-hr-frontier\urruegg-studious-guacamole\infra\tests\pester\GitHubGovernance.Tests.ps1:1310
at &lt;ScriptBlock&gt;, C:\Users\urruegg\Source\urruegg\copilot-worktrees\caldova-hr-frontier\urruegg-studious-guacamole\infra\tests\pester\GitHubGovernance.Tests.ps1:1310</stack-trace>
                </failure>
              </test-case>
              <test-case description="rejects a conflicting main ruleset created during the approval window" name="Final GitHub governance activation.rejects a conflicting main ruleset created during the approval window" time="0.0632" asserts="0" success="False" result="Failure" executed="True">
                <failure>
                  <message>Expected an exception with message like '*additional active*main*' to be thrown, but the message was 'Bootstrap evidence VerifiedUtc must be a timestamp string.'. from line:8 char:9
    +         throw "$Context must be a timestamp string."
    +         ~~~~~~~~~~~~~~~~~~~~~~~~~~~~~~~~~~~~~~~~~~~~</message>
                  <stack-trace>at { Invoke-TestGovernance -Harness $harness -EvidencePath $evidencePath } | Should -Throw '*additional active*main*', C:\Users\urruegg\Source\urruegg\copilot-worktrees\caldova-hr-frontier\urruegg-studious-guacamole\infra\tests\pester\GitHubGovernance.Tests.ps1:1328
at &lt;ScriptBlock&gt;, C:\Users\urruegg\Source\urruegg\copilot-worktrees\caldova-hr-frontier\urruegg-studious-guacamole\infra\tests\pester\GitHubGovernance.Tests.ps1:1328</stack-trace>
                </failure>
              </test-case>
              <test-case description="rejects same-id ruleset detail drift during the approval window" name="Final GitHub governance activation.rejects same-id ruleset detail drift during the approval window" time="0.0614" asserts="0" success="False" result="Failure" executed="True">
                <failure>
                  <message>Expected an exception with message like '*ruleset target state changed*approval*' to be thrown, but the message was 'Bootstrap evidence VerifiedUtc must be a timestamp string.'. from line:8 char:9
    +         throw "$Context must be a timestamp string."
    +         ~~~~~~~~~~~~~~~~~~~~~~~~~~~~~~~~~~~~~~~~~~~~</message>
                  <stack-trace>at { Invoke-TestGovernance -Harness $harness -EvidencePath $evidencePath } | Should -Throw '*ruleset target state changed*approval*', C:\Users\urruegg\Source\urruegg\copilot-worktrees\caldova-hr-frontier\urruegg-studious-guacamole\infra\tests\pester\GitHubGovernance.Tests.ps1:1346
at &lt;ScriptBlock&gt;, C:\Users\urruegg\Source\urruegg\copilot-worktrees\caldova-hr-frontier\urruegg-studious-guacamole\infra\tests\pester\GitHubGovernance.Tests.ps1:1346</stack-trace>
                </failure>
              </test-case>
              <test-case description="accepts equivalent ruleset detail property order after approval" name="Final GitHub governance activation.accepts equivalent ruleset detail property order after approval" time="0.0635" asserts="0" success="False" result="Failure" executed="True">
                <failure>
                  <message>RuntimeException: Bootstrap evidence VerifiedUtc must be a timestamp string.</message>
                  <stack-trace>at Test-CurrentTimestamp, &lt;No file&gt;:8
at Assert-BootstrapEvidence, &lt;No file&gt;:19
at Invoke-GitHubGovernanceCore, &lt;No file&gt;:36
at script:Invoke-TestGovernance, C:\Users\urruegg\Source\urruegg\copilot-worktrees\caldova-hr-frontier\urruegg-studious-guacamole\infra\tests\pester\GitHubGovernance.Tests.ps1:519
at &lt;ScriptBlock&gt;, C:\Users\urruegg\Source\urruegg\copilot-worktrees\caldova-hr-frontier\urruegg-studious-guacamole\infra\tests\pester\GitHubGovernance.Tests.ps1:1368</stack-trace>
                </failure>
              </test-case>
              <test-case description="never issues PATCH or DELETE and never mutates an Environment or Environment variable" name="Final GitHub governance activation.never issues PATCH or DELETE and never mutates an Environment or Environment variable" time="0.0534" asserts="0" success="False" result="Failure" executed="True">
                <failure>
                  <message>RuntimeException: Bootstrap evidence VerifiedUtc must be a timestamp string.</message>
                  <stack-trace>at Test-CurrentTimestamp, &lt;No file&gt;:8
at Assert-BootstrapEvidence, &lt;No file&gt;:19
at Invoke-GitHubGovernanceCore, &lt;No file&gt;:36
at script:Invoke-TestGovernance, C:\Users\urruegg\Source\urruegg\copilot-worktrees\caldova-hr-frontier\urruegg-studious-guacamole\infra\tests\pester\GitHubGovernance.Tests.ps1:519
at &lt;ScriptBlock&gt;, C:\Users\urruegg\Source\urruegg\copilot-worktrees\caldova-hr-frontier\urruegg-studious-guacamole\infra\tests\pester\GitHubGovernance.Tests.ps1:1465</stack-trace>
                </failure>
              </test-case>
              <test-suite type="ParameterizedTest" name="Final GitHub governance activation.recognizes every supported GitHub fnmatch form that targets main" executed="True" result="Failure" success="False" time="0.6201" asserts="0" description="recognizes every supported GitHub fnmatch form that targets main">
                <results>
                  <test-case description="recognizes every supported GitHub fnmatch form that targets main" name="Final GitHub governance activation.recognizes every supported GitHub fnmatch form that targets main(&quot;refs/heads/m*&quot;,&quot;single star&quot;)" time="0.0558" asserts="0" success="False" result="Failure" executed="True">
                    <failure>
                      <message>Expected an exception with message like '*additional active*main*' to be thrown, but the message was 'Bootstrap evidence VerifiedUtc must be a timestamp string.'. from line:8 char:9
    +         throw "$Context must be a timestamp string."
    +         ~~~~~~~~~~~~~~~~~~~~~~~~~~~~~~~~~~~~~~~~~~~~</message>
                      <stack-trace>at { Invoke-TestGovernance -Harness $harness -EvidencePath $evidencePath -WhatIf } | Should -Throw '*additional active*main*', C:\Users\urruegg\Source\urruegg\copilot-worktrees\caldova-hr-frontier\urruegg-studious-guacamole\infra\tests\pester\GitHubGovernance.Tests.ps1:1073
at &lt;ScriptBlock&gt;, C:\Users\urruegg\Source\urruegg\copilot-worktrees\caldova-hr-frontier\urruegg-studious-guacamole\infra\tests\pester\GitHubGovernance.Tests.ps1:1073</stack-trace>
                    </failure>
                  </test-case>
                  <test-case description="recognizes every supported GitHub fnmatch form that targets main" name="Final GitHub governance activation.recognizes every supported GitHub fnmatch form that targets main(&quot;refs/**/main&quot;,&quot;double star&quot;)" time="0.034" asserts="0" success="False" result="Failure" executed="True">
                    <failure>
                      <message>Expected an exception with message like '*additional active*main*' to be thrown, but the message was 'Bootstrap evidence VerifiedUtc must be a timestamp string.'. from line:8 char:9
    +         throw "$Context must be a timestamp string."
    +         ~~~~~~~~~~~~~~~~~~~~~~~~~~~~~~~~~~~~~~~~~~~~</message>
                      <stack-trace>at { Invoke-TestGovernance -Harness $harness -EvidencePath $evidencePath -WhatIf } | Should -Throw '*additional active*main*', C:\Users\urruegg\Source\urruegg\copilot-worktrees\caldova-hr-frontier\urruegg-studious-guacamole\infra\tests\pester\GitHubGovernance.Tests.ps1:1073
at &lt;ScriptBlock&gt;, C:\Users\urruegg\Source\urruegg\copilot-worktrees\caldova-hr-frontier\urruegg-studious-guacamole\infra\tests\pester\GitHubGovernance.Tests.ps1:1073</stack-trace>
                    </failure>
                  </test-case>
                  <test-case description="recognizes every supported GitHub fnmatch form that targets main" name="Final GitHub governance activation.recognizes every supported GitHub fnmatch form that targets main(&quot;refs/heads/mai?&quot;,&quot;single character&quot;)" time="0.0351" asserts="0" success="False" result="Failure" executed="True">
                    <failure>
                      <message>Expected an exception with message like '*additional active*main*' to be thrown, but the message was 'Bootstrap evidence VerifiedUtc must be a timestamp string.'. from line:8 char:9
    +         throw "$Context must be a timestamp string."
    +         ~~~~~~~~~~~~~~~~~~~~~~~~~~~~~~~~~~~~~~~~~~~~</message>
                      <stack-trace>at { Invoke-TestGovernance -Harness $harness -EvidencePath $evidencePath -WhatIf } | Should -Throw '*additional active*main*', C:\Users\urruegg\Source\urruegg\copilot-worktrees\caldova-hr-frontier\urruegg-studious-guacamole\infra\tests\pester\GitHubGovernance.Tests.ps1:1073
at &lt;ScriptBlock&gt;, C:\Users\urruegg\Source\urruegg\copilot-worktrees\caldova-hr-frontier\urruegg-studious-guacamole\infra\tests\pester\GitHubGovernance.Tests.ps1:1073</stack-trace>
                    </failure>
                  </test-case>
                  <test-case description="recognizes every supported GitHub fnmatch form that targets main" name="Final GitHub governance activation.recognizes every supported GitHub fnmatch form that targets main(&quot;refs/heads/[m]ain&quot;,&quot;inclusive class&quot;)" time="0.0441" asserts="0" success="False" result="Failure" executed="True">
                    <failure>
                      <message>Expected an exception with message like '*additional active*main*' to be thrown, but the message was 'Bootstrap evidence VerifiedUtc must be a timestamp string.'. from line:8 char:9
    +         throw "$Context must be a timestamp string."
    +         ~~~~~~~~~~~~~~~~~~~~~~~~~~~~~~~~~~~~~~~~~~~~</message>
                      <stack-trace>at { Invoke-TestGovernance -Harness $harness -EvidencePath $evidencePath -WhatIf } | Should -Throw '*additional active*main*', C:\Users\urruegg\Source\urruegg\copilot-worktrees\caldova-hr-frontier\urruegg-studious-guacamole\infra\tests\pester\GitHubGovernance.Tests.ps1:1073
at &lt;ScriptBlock&gt;, C:\Users\urruegg\Source\urruegg\copilot-worktrees\caldova-hr-frontier\urruegg-studious-guacamole\infra\tests\pester\GitHubGovernance.Tests.ps1:1073</stack-trace>
                    </failure>
                  </test-case>
                  <test-case description="recognizes every supported GitHub fnmatch form that targets main" name="Final GitHub governance activation.recognizes every supported GitHub fnmatch form that targets main(&quot;refs/heads/[!x]ain&quot;,&quot;bang-negated class&quot;)" time="0.0568" asserts="0" success="False" result="Failure" executed="True">
                    <failure>
                      <message>Expected an exception with message like '*additional active*main*' to be thrown, but the message was 'Bootstrap evidence VerifiedUtc must be a timestamp string.'. from line:8 char:9
    +         throw "$Context must be a timestamp string."
    +         ~~~~~~~~~~~~~~~~~~~~~~~~~~~~~~~~~~~~~~~~~~~~</message>
                      <stack-trace>at { Invoke-TestGovernance -Harness $harness -EvidencePath $evidencePath -WhatIf } | Should -Throw '*additional active*main*', C:\Users\urruegg\Source\urruegg\copilot-worktrees\caldova-hr-frontier\urruegg-studious-guacamole\infra\tests\pester\GitHubGovernance.Tests.ps1:1073
at &lt;ScriptBlock&gt;, C:\Users\urruegg\Source\urruegg\copilot-worktrees\caldova-hr-frontier\urruegg-studious-guacamole\infra\tests\pester\GitHubGovernance.Tests.ps1:1073</stack-trace>
                    </failure>
                  </test-case>
                  <test-case description="recognizes every supported GitHub fnmatch form that targets main" name="Final GitHub governance activation.recognizes every supported GitHub fnmatch form that targets main(&quot;refs/heads/[^x]ain&quot;,&quot;caret-negated class&quot;)" time="0.1201" asserts="0" success="False" result="Failure" executed="True">
                    <failure>
                      <message>Expected an exception with message like '*additional active*main*' to be thrown, but the message was 'Bootstrap evidence VerifiedUtc must be a timestamp string.'. from line:8 char:9
    +         throw "$Context must be a timestamp string."
    +         ~~~~~~~~~~~~~~~~~~~~~~~~~~~~~~~~~~~~~~~~~~~~</message>
                      <stack-trace>at { Invoke-TestGovernance -Harness $harness -EvidencePath $evidencePath -WhatIf } | Should -Throw '*additional active*main*', C:\Users\urruegg\Source\urruegg\copilot-worktrees\caldova-hr-frontier\urruegg-studious-guacamole\infra\tests\pester\GitHubGovernance.Tests.ps1:1073
at &lt;ScriptBlock&gt;, C:\Users\urruegg\Source\urruegg\copilot-worktrees\caldova-hr-frontier\urruegg-studious-guacamole\infra\tests\pester\GitHubGovernance.Tests.ps1:1073</stack-trace>
                    </failure>
                  </test-case>
                  <test-case description="recognizes every supported GitHub fnmatch form that targets main" name="Final GitHub governance activation.recognizes every supported GitHub fnmatch form that targets main(&quot;refs/heads/ma\in&quot;,&quot;escaped ordinary character&quot;)" time="0.0575" asserts="0" success="False" result="Failure" executed="True">
                    <failure>
                      <message>Expected an exception with message like '*additional active*main*' to be thrown, but the message was 'Bootstrap evidence VerifiedUtc must be a timestamp string.'. from line:8 char:9
    +         throw "$Context must be a timestamp string."
    +         ~~~~~~~~~~~~~~~~~~~~~~~~~~~~~~~~~~~~~~~~~~~~</message>
                      <stack-trace>at { Invoke-TestGovernance -Harness $harness -EvidencePath $evidencePath -WhatIf } | Should -Throw '*additional active*main*', C:\Users\urruegg\Source\urruegg\copilot-worktrees\caldova-hr-frontier\urruegg-studious-guacamole\infra\tests\pester\GitHubGovernance.Tests.ps1:1073
at &lt;ScriptBlock&gt;, C:\Users\urruegg\Source\urruegg\copilot-worktrees\caldova-hr-frontier\urruegg-studious-guacamole\infra\tests\pester\GitHubGovernance.Tests.ps1:1073</stack-trace>
                    </failure>
                  </test-case>
                  <test-case description="recognizes every supported GitHub fnmatch form that targets main" name="Final GitHub governance activation.recognizes every supported GitHub fnmatch form that targets main(&quot;refs/heads/[m\]]ain&quot;,&quot;class with escaped closing bracket&quot;)" time="0.0378" asserts="0" success="False" result="Failure" executed="True">
                    <failure>
                      <message>Expected an exception with message like '*additional active*main*' to be thrown, but the message was 'Bootstrap evidence VerifiedUtc must be a timestamp string.'. from line:8 char:9
    +         throw "$Context must be a timestamp string."
    +         ~~~~~~~~~~~~~~~~~~~~~~~~~~~~~~~~~~~~~~~~~~~~</message>
                      <stack-trace>at { Invoke-TestGovernance -Harness $harness -EvidencePath $evidencePath -WhatIf } | Should -Throw '*additional active*main*', C:\Users\urruegg\Source\urruegg\copilot-worktrees\caldova-hr-frontier\urruegg-studious-guacamole\infra\tests\pester\GitHubGovernance.Tests.ps1:1073
at &lt;ScriptBlock&gt;, C:\Users\urruegg\Source\urruegg\copilot-worktrees\caldova-hr-frontier\urruegg-studious-guacamole\infra\tests\pester\GitHubGovernance.Tests.ps1:1073</stack-trace>
                    </failure>
                  </test-case>
                  <test-case description="recognizes every supported GitHub fnmatch form that targets main" name="Final GitHub governance activation.recognizes every supported GitHub fnmatch form that targets main(&quot;refs/heads/[m\[]ain&quot;,&quot;class with escaped opening bracket&quot;)" time="0.0356" asserts="0" success="False" result="Failure" executed="True">
                    <failure>
                      <message>Expected an exception with message like '*additional active*main*' to be thrown, but the message was 'Bootstrap evidence VerifiedUtc must be a timestamp string.'. from line:8 char:9
    +         throw "$Context must be a timestamp string."
    +         ~~~~~~~~~~~~~~~~~~~~~~~~~~~~~~~~~~~~~~~~~~~~</message>
                      <stack-trace>at { Invoke-TestGovernance -Harness $harness -EvidencePath $evidencePath -WhatIf } | Should -Throw '*additional active*main*', C:\Users\urruegg\Source\urruegg\copilot-worktrees\caldova-hr-frontier\urruegg-studious-guacamole\infra\tests\pester\GitHubGovernance.Tests.ps1:1073
at &lt;ScriptBlock&gt;, C:\Users\urruegg\Source\urruegg\copilot-worktrees\caldova-hr-frontier\urruegg-studious-guacamole\infra\tests\pester\GitHubGovernance.Tests.ps1:1073</stack-trace>
                    </failure>
                  </test-case>
                  <test-case description="recognizes every supported GitHub fnmatch form that targets main" name="Final GitHub governance activation.recognizes every supported GitHub fnmatch form that targets main(&quot;refs/heads/[m\-]ain&quot;,&quot;class with escaped hyphen&quot;)" time="0.0332" asserts="0" success="False" result="Failure" executed="True">
                    <failure>
                      <message>Expected an exception with message like '*additional active*main*' to be thrown, but the message was 'Bootstrap evidence VerifiedUtc must be a timestamp string.'. from line:8 char:9
    +         throw "$Context must be a timestamp string."
    +         ~~~~~~~~~~~~~~~~~~~~~~~~~~~~~~~~~~~~~~~~~~~~</message>
                      <stack-trace>at { Invoke-TestGovernance -Harness $harness -EvidencePath $evidencePath -WhatIf } | Should -Throw '*additional active*main*', C:\Users\urruegg\Source\urruegg\copilot-worktrees\caldova-hr-frontier\urruegg-studious-guacamole\infra\tests\pester\GitHubGovernance.Tests.ps1:1073
at &lt;ScriptBlock&gt;, C:\Users\urruegg\Source\urruegg\copilot-worktrees\caldova-hr-frontier\urruegg-studious-guacamole\infra\tests\pester\GitHubGovernance.Tests.ps1:1073</stack-trace>
                    </failure>
                  </test-case>
                  <test-case description="recognizes every supported GitHub fnmatch form that targets main" name="Final GitHub governance activation.recognizes every supported GitHub fnmatch form that targets main(&quot;refs/heads/[m\\]ain&quot;,&quot;class with escaped backslash&quot;)" time="0.042" asserts="0" success="False" result="Failure" executed="True">
                    <failure>
                      <message>Expected an exception with message like '*additional active*main*' to be thrown, but the message was 'Bootstrap evidence VerifiedUtc must be a timestamp string.'. from line:8 char:9
    +         throw "$Context must be a timestamp string."
    +         ~~~~~~~~~~~~~~~~~~~~~~~~~~~~~~~~~~~~~~~~~~~~</message>
                      <stack-trace>at { Invoke-TestGovernance -Harness $harness -EvidencePath $evidencePath -WhatIf } | Should -Throw '*additional active*main*', C:\Users\urruegg\Source\urruegg\copilot-worktrees\caldova-hr-frontier\urruegg-studious-guacamole\infra\tests\pester\GitHubGovernance.Tests.ps1:1073
at &lt;ScriptBlock&gt;, C:\Users\urruegg\Source\urruegg\copilot-worktrees\caldova-hr-frontier\urruegg-studious-guacamole\infra\tests\pester\GitHubGovernance.Tests.ps1:1073</stack-trace>
                    </failure>
                  </test-case>
[...]
              <test-case description="rejects accepted changes without an object after payload" name="Task 6 what-if boundary validation.rejects accepted changes without an object after payload" time="0.06" asserts="0" success="True" result="Success" executed="True" />
              <test-case description="accepts complete resource payloads for every supported change type" name="Task 6 what-if boundary validation.accepts complete resource payloads for every supported change type" time="0.1412" asserts="0" success="True" result="Success" executed="True" />
              <test-case description="rejects duplicate resource IDs" name="Task 6 what-if boundary validation.rejects duplicate resource IDs" time="0.0944" asserts="0" success="True" result="Success" executed="True" />
              <test-case description="rejects wrong resource IDs and resource name disagreements" name="Task 6 what-if boundary validation.rejects wrong resource IDs and resource name disagreements" time="0.0642" asserts="0" success="True" result="Success" executed="True" />
              <test-case description="rejects diagnostic setting name and workspace target drift" name="Task 6 what-if boundary validation.rejects diagnostic setting name and workspace target drift" time="0.0835" asserts="0" success="True" result="Success" executed="True" />
              <test-case description="rejects drift in every resource relevant property contract" name="Task 6 what-if boundary validation.rejects drift in every resource relevant property contract" time="0.0898" asserts="0" success="True" result="Success" executed="True" />
              <test-case description="reports resource id type scope and location for each exact-resource offense" name="Task 6 what-if boundary validation.reports resource id type scope and location for each exact-resource offense" time="0.0672" asserts="0" success="True" result="Success" executed="True" />
              <test-case description="rejects unsupported resource types with named offending resources" name="Task 6 what-if boundary validation.rejects unsupported resource types with named offending resources" time="0.0941" asserts="0" success="True" result="Success" executed="True" />
              <test-case description="rejects foreign scopes with named offending resources" name="Task 6 what-if boundary validation.rejects foreign scopes with named offending resources" time="0.0902" asserts="0" success="True" result="Success" executed="True" />
              <test-case description="rejects deletes ignores and diagnostics that are not fully resolved" name="Task 6 what-if boundary validation.rejects deletes ignores and diagnostics that are not fully resolved" time="0.0857" asserts="0" success="True" result="Success" executed="True" />
              <test-case description="rejects unsupported locations policy assignment changes and malformed payload shape" name="Task 6 what-if boundary validation.rejects unsupported locations policy assignment changes and malformed payload shape" time="0.173" asserts="0" success="True" result="Success" executed="True" />
              <test-case description="rejects deterministic authorization drift in role definition and role assignment resources" name="Task 6 what-if boundary validation.rejects deterministic authorization drift in role definition and role assignment resources" time="0.1178" asserts="0" success="True" result="Success" executed="True" />
              <test-case description="rejects warning diagnostics and unknown change types" name="Task 6 what-if boundary validation.rejects warning diagnostics and unknown change types" time="0.1594" asserts="0" success="True" result="Success" executed="True" />
            </results>
          </test-suite>
        </results>
      </test-suite>
      <test-suite type="TestFixture" name="C:\Users\urruegg\Source\urruegg\copilot-worktrees\caldova-hr-frontier\urruegg-studious-guacamole\infra\tests\pester\WorkflowContract.Tests.ps1" executed="True" result="Success" success="True" time="1.8726" asserts="0" description="C:\Users\urruegg\Source\urruegg\copilot-worktrees\caldova-hr-frontier\urruegg-studious-guacamole\infra\tests\pester\WorkflowContract.Tests.ps1">
        <results>
          <test-suite type="TestFixture" name="Task 7 tenant workflow contracts" executed="True" result="Success" success="True" time="1.5396" asserts="0" description="Task 7 tenant workflow contracts">
            <results>
              <test-suite type="TestFixture" name="Task 7 tenant workflow contracts.when both workflow files exist" executed="True" result="Success" success="True" time="1.4858" asserts="0" description="Task 7 tenant workflow contracts.when both workflow files exist">
                <results>
                  <test-case description="discovers all three reviewed Power Platform environments before producing only redacted evidence" name="Task 7 tenant workflow contracts.when both workflow files exist.discovers all three reviewed Power Platform environments before producing only redacted evidence" time="0.2973" asserts="0" success="True" result="Success" executed="True" />
                  <test-case description="pins Pester before validating normalized discovery" name="Task 7 tenant workflow contracts.when both workflow files exist.pins Pester before validating normalized discovery" time="0.0684" asserts="0" success="True" result="Success" executed="True" />
                  <test-case description="fails false cleanup approval before checkout or authentication" name="Task 7 tenant workflow contracts.when both workflow files exist.fails false cleanup approval before checkout or authentication" time="0.1609" asserts="0" success="True" result="Success" executed="True" />
                  <test-case description="requires reviewed inputs and captures exactly two post-login role assignments" name="Task 7 tenant workflow contracts.when both workflow files exist.requires reviewed inputs and captures exactly two post-login role assignments" time="0.0766" asserts="0" success="True" result="Success" executed="True" />
                  <test-case description="delegates only validated what-if orchestration with the reviewed cleanup tuple" name="Task 7 tenant workflow contracts.when both workflow files exist.delegates only validated what-if orchestration with the reviewed cleanup tuple" time="0.0678" asserts="0" success="True" result="Success" executed="True" />
                  <test-case description="always retries idempotent cleanup with the same exact run principal scope and IDs" name="Task 7 tenant workflow contracts.when both workflow files exist.always retries idempotent cleanup with the same exact run principal scope and IDs" time="0.0984" asserts="0" success="True" result="Success" executed="True" />
                  <test-suite type="ParameterizedTest" name="Task 7 tenant workflow contracts.when both workflow files exist.&lt;Name&gt; exposes only reviewed tenant dispatch choices" executed="True" result="Success" success="True" time="0.1111" asserts="0" description="&lt;Name&gt; exposes only reviewed tenant dispatch choices">
                    <results>
                      <test-case description="discovery exposes only reviewed tenant dispatch choices" name="Task 7 tenant workflow contracts.when both workflow files exist.discovery exposes only reviewed tenant dispatch choices" time="0.1032" asserts="0" success="True" result="Success" executed="True" />
                      <test-case description="bootstrap exposes only reviewed tenant dispatch choices" name="Task 7 tenant workflow contracts.when both workflow files exist.bootstrap exposes only reviewed tenant dispatch choices" time="0.008" asserts="0" success="True" result="Success" executed="True" />
                    </results>
                  </test-suite>
                  <test-suite type="ParameterizedTest" name="Task 7 tenant workflow contracts.when both workflow files exist.&lt;Name&gt; serializes one tenant on its reviewed GitHub Environment" executed="True" result="Success" success="True" time="0.0868" asserts="0" description="&lt;Name&gt; serializes one tenant on its reviewed GitHub Environment">
                    <results>
                      <test-case description="discovery serializes one tenant on its reviewed GitHub Environment" name="Task 7 tenant workflow contracts.when both workflow files exist.discovery serializes one tenant on its reviewed GitHub Environment" time="0.0745" asserts="0" success="True" result="Success" executed="True" />
                      <test-case description="bootstrap serializes one tenant on its reviewed GitHub Environment" name="Task 7 tenant workflow contracts.when both workflow files exist.bootstrap serializes one tenant on its reviewed GitHub Environment" time="0.0123" asserts="0" success="True" result="Success" executed="True" />
                    </results>
                  </test-suite>
                  <test-suite type="ParameterizedTest" name="Task 7 tenant workflow contracts.when both workflow files exist.&lt;Name&gt; grants only OIDC and checkout permissions" executed="True" result="Success" success="True" time="0.0592" asserts="0" description="&lt;Name&gt; grants only OIDC and checkout permissions">
                    <results>
                      <test-case description="discovery grants only OIDC and checkout permissions" name="Task 7 tenant workflow contracts.when both workflow files exist.discovery grants only OIDC and checkout permissions" time="0.0474" asserts="0" success="True" result="Success" executed="True" />
                      <test-case description="bootstrap grants only OIDC and checkout permissions" name="Task 7 tenant workflow contracts.when both workflow files exist.bootstrap grants only OIDC and checkout permissions" time="0.0119" asserts="0" success="True" result="Success" executed="True" />
                    </results>
                  </test-suite>
                  <test-suite type="ParameterizedTest" name="Task 7 tenant workflow contracts.when both workflow files exist.&lt;Name&gt; binds pinned checkout and Azure OIDC login to Environment variables" executed="True" result="Success" success="True" time="0.1549" asserts="0" description="&lt;Name&gt; binds pinned checkout and Azure OIDC login to Environment variables">
                    <results>
                      <test-case description="discovery binds pinned checkout and Azure OIDC login to Environment variables" name="Task 7 tenant workflow contracts.when both workflow files exist.discovery binds pinned checkout and Azure OIDC login to Environment variables" time="0.131" asserts="0" success="True" result="Success" executed="True" />
                      <test-case description="bootstrap binds pinned checkout and Azure OIDC login to Environment variables" name="Task 7 tenant workflow contracts.when both workflow files exist.bootstrap binds pinned checkout and Azure OIDC login to Environment variables" time="0.024" asserts="0" success="True" result="Success" executed="True" />
                    </results>
                  </test-suite>
                  <test-suite type="ParameterizedTest" name="Task 7 tenant workflow contracts.when both workflow files exist.&lt;Name&gt; excludes broad credentials, deployment, publication, and error suppression paths" executed="True" result="Success" success="True" time="0.1354" asserts="0" description="&lt;Name&gt; excludes broad credentials, deployment, publication, and error suppression paths">
                    <results>
                      <test-case description="discovery excludes broad credentials, deployment, publication, and error suppression paths" name="Task 7 tenant workflow contracts.when both workflow files exist.discovery excludes broad credentials, deployment, publication, and error suppression paths" time="0.112" asserts="0" success="True" result="Success" executed="True" />
                      <test-case description="bootstrap excludes broad credentials, deployment, publication, and error suppression paths" name="Task 7 tenant workflow contracts.when both workflow files exist.bootstrap excludes broad credentials, deployment, publication, and error suppression paths" time="0.0234" asserts="0" success="True" result="Success" executed="True" />
                    </results>
                  </test-suite>
                </results>
              </test-suite>
              <test-suite type="ParameterizedTest" name="Task 7 tenant workflow contracts.provides the &lt;Name&gt; workflow before evaluating its behavior contract" executed="True" result="Success" success="True" time="0.0628" asserts="0" description="provides the &lt;Name&gt; workflow before evaluating its behavior contract">
                <results>
                  <test-case description="provides the discovery workflow before evaluating its behavior contract" name="Task 7 tenant workflow contracts.provides the discovery workflow before evaluating its behavior contract" time="0.0534" asserts="0" success="True" result="Success" executed="True" />
                  <test-case description="provides the bootstrap workflow before evaluating its behavior contract" name="Task 7 tenant workflow contracts.provides the bootstrap workflow before evaluating its behavior contract" time="0.0093" asserts="0" success="True" result="Success" executed="True" />
                </results>
              </test-suite>
            </results>
          </test-suite>
        </results>
      </test-suite>
      <test-suite type="TestFixture" name="C:\Users\urruegg\Source\urruegg\copilot-worktrees\caldova-hr-frontier\urruegg-studious-guacamole\hr\tests\pester\SolutionLifecycle.Tests.ps1" executed="True" result="Success" success="True" time="2.5961" asserts="0" description="C:\Users\urruegg\Source\urruegg\copilot-worktrees\caldova-hr-frontier\urruegg-studious-guacamole\hr\tests\pester\SolutionLifecycle.Tests.ps1">
        <results>
          <test-suite type="TestFixture" name="Get-HrTenantPowerPlatformUrl" executed="True" result="Success" success="True" time="0.8168" asserts="0" description="Get-HrTenantPowerPlatformUrl">
            <results>
              <test-case description="resolves the Dev, Test, and Prod URLs from the real Tenant 1 manifest" name="Get-HrTenantPowerPlatformUrl.resolves the Dev, Test, and Prod URLs from the real Tenant 1 manifest" time="0.0546" asserts="0" success="True" result="Success" executed="True" />
              <test-case description="resolves the default manifest path from TenantAlias when no path is given" name="Get-HrTenantPowerPlatformUrl.resolves the default manifest path from TenantAlias when no path is given" time="0.0318" asserts="0" success="True" result="Success" executed="True" />
              <test-case description="throws a clear error when the tenant manifest does not exist" name="Get-HrTenantPowerPlatformUrl.throws a clear error when the tenant manifest does not exist" time="0.053" asserts="0" success="True" result="Success" executed="True" />
              <test-case description="throws when the manifest has no PowerPlatform section" name="Get-HrTenantPowerPlatformUrl.throws when the manifest has no PowerPlatform section" time="0.0556" asserts="0" success="True" result="Success" executed="True" />
              <test-case description="rejects an invalid TenantAlias" name="Get-HrTenantPowerPlatformUrl.rejects an invalid TenantAlias" time="0.0462" asserts="0" success="True" result="Success" executed="True" />
              <test-case description="rejects an invalid Stage" name="Get-HrTenantPowerPlatformUrl.rejects an invalid Stage" time="0.0465" asserts="0" success="True" result="Success" executed="True" />
            </results>
          </test-suite>
          <test-suite type="TestFixture" name="Connect-HrPowerPlatformEnvironment" executed="True" result="Success" success="True" time="1.3771" asserts="0" description="Connect-HrPowerPlatformEnvironment">
            <results>
              <test-case description="selects an existing profile rather than creating a new one" name="Connect-HrPowerPlatformEnvironment.selects an existing profile rather than creating a new one" time="0.1482" asserts="0" success="True" result="Success" executed="True" />
              <test-case description="creates a new profile when none matches" name="Connect-HrPowerPlatformEnvironment.creates a new profile when none matches" time="0.0729" asserts="0" success="True" result="Success" executed="True" />
              <test-case description="throws when the computed profile name would exceed 30 characters" name="Connect-HrPowerPlatformEnvironment.throws when the computed profile name would exceed 30 characters" time="0.0536" asserts="0" success="True" result="Success" executed="True" />
              <test-case description="propagates failure when pac auth list fails" name="Connect-HrPowerPlatformEnvironment.propagates failure when pac auth list fails" time="0.0609" asserts="0" success="True" result="Success" executed="True" />
              <test-case description="propagates failure when pac org who fails" name="Connect-HrPowerPlatformEnvironment.propagates failure when pac org who fails" time="0.035" asserts="0" success="True" result="Success" executed="True" />
            </results>
          </test-suite>
          <test-suite type="TestFixture" name="Export-HrSolutionPackage" executed="True" result="Success" success="True" time="1.7474" asserts="0" description="Export-HrSolutionPackage">
            <results>
              <test-case description="exports with the Dev environment explicitly, never relying on ambient org state" name="Export-HrSolutionPackage.exports with the Dev environment explicitly, never relying on ambient org state" time="0.1261" asserts="0" success="True" result="Success" executed="True" />
              <test-case description="does not expose a Stage parameter — export is always Dev-only" name="Export-HrSolutionPackage.does not expose a Stage parameter — export is always Dev-only" time="0.0299" asserts="0" success="True" result="Success" executed="True" />
              <test-case description="throws when pac solution export fails" name="Export-HrSolutionPackage.throws when pac solution export fails" time="0.0928" asserts="0" success="True" result="Success" executed="True" />
            </results>
          </test-suite>
          <test-suite type="TestFixture" name="Expand-HrSolutionPackage" executed="True" result="Success" success="True" time="2.2189" asserts="0" description="Expand-HrSolutionPackage">
            <results>
              <test-case description="constructs the exact expected pac solution unpack arguments and reports the target folder" name="Expand-HrSolutionPackage.constructs the exact expected pac solution unpack arguments and reports the target folder" time="0.0865" asserts="0" success="True" result="Success" executed="True" />
              <test-case description="throws when the zip file does not exist" name="Expand-HrSolutionPackage.throws when the zip file does not exist" time="0.0583" asserts="0" success="True" result="Success" executed="True" />
              <test-case description="throws when pac solution unpack fails" name="Expand-HrSolutionPackage.throws when pac solution unpack fails" time="0.0862" asserts="0" success="True" result="Success" executed="True" />
              <test-case description="throws when unpack reports success but the target folder is empty" name="Expand-HrSolutionPackage.throws when unpack reports success but the target folder is empty" time="0.0949" asserts="0" success="True" result="Success" executed="True" />
            </results>
          </test-suite>
        </results>
      </test-suite>
    </results>
  </test-suite>
</test-results>